# JRE version: Java(TM) SE Runtime Environment (8.0_101-b13) (build 1.8.0_101-b13)
# Java VM: Java HotSpot(TM) 64-Bit Server VM (25.101-b13 mixed mode windows-amd64 compressed oops)
Heap:
 PSYoungGen      total 73216K, used 72689K [0x00000000f5580000, 0x00000000fa780000, 0x0000000100000000)
  eden space 67072K, 99% used [0x00000000f5580000,0x00000000f9683cc0,0x00000000f9700000)
  from space 6144K, 99% used [0x00000000f9e80000,0x00000000fa478a88,0x00000000fa480000)
  to   space 7680K, 0% used [0x00000000f9700000,0x00000000f9700000,0x00000000f9e80000)
 ParOldGen       total 22016K, used 8736K [0x00000000e0000000, 0x00000000e1580000, 0x00000000f5580000)
  object space 22016K, 39% used [0x00000000e0000000,0x00000000e08882b0,0x00000000e1580000)
 Metaspace       used 19796K, capacity 20242K, committed 20480K, reserved 1067008K
  class space    used 2336K, capacity 2485K, committed 2560K, reserved 1048576K
GC Heap History (10 events):
Event: 2.264 GC heap before
{Heap before GC invocations=4 (full 0):
 PSYoungGen      total 9728K, used 9712K [0x00000000f5580000, 0x00000000f6880000, 0x0000000100000000)
  eden space 8704K, 100% used [0x00000000f5580000,0x00000000f5e00000,0x00000000f5e00000)
  from space 1024K, 98% used [0x00000000f5e00000,0x00000000f5efc030,0x00000000f5f00000)
  to   space 1024K, 0% used [0x00000000f6780000,0x00000000f6780000,0x00000000f6880000)
 ParOldGen       total 22016K, used 3195K [0x00000000e0000000, 0x00000000e1580000, 0x00000000f5580000)
  object space 22016K, 14% used [0x00000000e0000000,0x00000000e031ef88,0x00000000e1580000)
 Metaspace       used 7815K, capacity 8008K, committed 8320K, reserved 1056768K
  class space    used 989K, capacity 1052K, committed 1152K, reserved 1048576K
Event: 2.270 GC heap after
Heap after GC invocations=4 (full 0):
 PSYoungGen      total 18432K, used 1008K [0x00000000f5580000, 0x00000000f6880000, 0x0000000100000000)
  eden space 17408K, 0% used [0x00000000f5580000,0x00000000f5580000,0x00000000f6680000)
  from space 1024K, 98% used [0x00000000f6780000,0x00000000f687c010,0x00000000f6880000)
  to   space 1024K, 0% used [0x00000000f6680000,0x00000000f6680000,0x00000000f6780000)
 ParOldGen       total 22016K, used 3747K [0x00000000e0000000, 0x00000000e1580000, 0x00000000f5580000)
  object space 22016K, 17% used [0x00000000e0000000,0x00000000e03a8f10,0x00000000e1580000)
 Metaspace       used 7815K, capacity 8008K, committed 8320K, reserved 1056768K
  class space    used 989K, capacity 1052K, committed 1152K, reserved 1048576K
}
Event: 2.870 GC heap before
{Heap before GC invocations=5 (full 0):
 PSYoungGen      total 18432K, used 18416K [0x00000000f5580000, 0x00000000f6880000, 0x0000000100000000)
  eden space 17408K, 100% used [0x00000000f5580000,0x00000000f6680000,0x00000000f6680000)
  from space 1024K, 98% used [0x00000000f6780000,0x00000000f687c010,0x00000000f6880000)
  to   space 1024K, 0% used [0x00000000f6680000,0x00000000f6680000,0x00000000f6780000)
 ParOldGen       total 22016K, used 3747K [0x00000000e0000000, 0x00000000e1580000, 0x00000000f5580000)
  object space 22016K, 17% used [0x00000000e0000000,0x00000000e03a8f10,0x00000000e1580000)
 Metaspace       used 9999K, capacity 10210K, committed 10368K, reserved 1058816K
  class space    used 1245K, capacity 1315K, committed 1408K, reserved 1048576K
Event: 2.884 GC heap after
Heap after GC invocations=5 (full 0):
 PSYoungGen      total 18432K, used 1022K [0x00000000f5580000, 0x00000000f7f80000, 0x0000000100000000)
  eden space 17408K, 0% used [0x00000000f5580000,0x00000000f5580000,0x00000000f6680000)
  from space 1024K, 99% used [0x00000000f6680000,0x00000000f677fa78,0x00000000f6780000)
  to   space 4096K, 0% used [0x00000000f7b80000,0x00000000f7b80000,0x00000000f7f80000)
 ParOldGen       total 22016K, used 6680K [0x00000000e0000000, 0x00000000e1580000, 0x00000000f5580000)
  object space 22016K, 30% used [0x00000000e0000000,0x00000000e0686340,0x00000000e1580000)
 Metaspace       used 9999K, capacity 10210K, committed 10368K, reserved 1058816K
  class space    used 1245K, capacity 1315K, committed 1408K, reserved 1048576K
}
Event: 3.428 GC heap before
{Heap before GC invocations=6 (full 0):
 PSYoungGen      total 18432K, used 18430K [0x00000000f5580000, 0x00000000f7f80000, 0x0000000100000000)
  eden space 17408K, 100% used [0x00000000f5580000,0x00000000f6680000,0x00000000f6680000)
  from space 1024K, 99% used [0x00000000f6680000,0x00000000f677fa78,0x00000000f6780000)
  to   space 4096K, 0% used [0x00000000f7b80000,0x00000000f7b80000,0x00000000f7f80000)
 ParOldGen       total 22016K, used 6680K [0x00000000e0000000, 0x00000000e1580000, 0x00000000f5580000)
  object space 22016K, 30% used [0x00000000e0000000,0x00000000e0686340,0x00000000e1580000)
 Metaspace       used 12051K, capacity 12282K, committed 12416K, reserved 1060864K
  class space    used 1539K, capacity 1641K, committed 1664K, reserved 1048576K
Event: 3.440 GC heap after
Heap after GC invocations=6 (full 0):
 PSYoungGen      total 38400K, used 4082K [0x00000000f5580000, 0x00000000f8080000, 0x0000000100000000)
  eden space 34304K, 0% used [0x00000000f5580000,0x00000000f5580000,0x00000000f7700000)
  from space 4096K, 99% used [0x00000000f7b80000,0x00000000f7f7c970,0x00000000f7f80000)
  to   space 4608K, 0% used [0x00000000f7700000,0x00000000f7700000,0x00000000f7b80000)
 ParOldGen       total 22016K, used 6688K [0x00000000e0000000, 0x00000000e1580000, 0x00000000f5580000)
  object space 22016K, 30% used [0x00000000e0000000,0x00000000e0688340,0x00000000e1580000)
 Metaspace       used 12051K, capacity 12282K, committed 12416K, reserved 1060864K
  class space    used 1539K, capacity 1641K, committed 1664K, reserved 1048576K
}
Event: 4.793 GC heap before
{Heap before GC invocations=7 (full 0):
 PSYoungGen      total 38400K, used 38386K [0x00000000f5580000, 0x00000000f8080000, 0x0000000100000000)
  eden space 34304K, 100% used [0x00000000f5580000,0x00000000f7700000,0x00000000f7700000)
  from space 4096K, 99% used [0x00000000f7b80000,0x00000000f7f7c970,0x00000000f7f80000)
  to   space 4608K, 0% used [0x00000000f7700000,0x00000000f7700000,0x00000000f7b80000)
 ParOldGen       total 22016K, used 6688K [0x00000000e0000000, 0x00000000e1580000, 0x00000000f5580000)
  object space 22016K, 30% used [0x00000000e0000000,0x00000000e0688340,0x00000000e1580000)
 Metaspace       used 14787K, capacity 15060K, committed 15232K, reserved 1062912K
  class space    used 1808K, capacity 1912K, committed 1920K, reserved 1048576K
Event: 4.815 GC heap after
Heap after GC invocations=7 (full 0):
 PSYoungGen      total 38912K, used 4601K [0x00000000f5580000, 0x00000000fa480000, 0x0000000100000000)
  eden space 34304K, 0% used [0x00000000f5580000,0x00000000f5580000,0x00000000f7700000)
  from space 4608K, 99% used [0x00000000f7700000,0x00000000f7b7e4e8,0x00000000f7b80000)
  to   space 6144K, 0% used [0x00000000f9e80000,0x00000000f9e80000,0x00000000fa480000)
 ParOldGen       total 22016K, used 8196K [0x00000000e0000000, 0x00000000e1580000, 0x00000000f5580000)
  object space 22016K, 37% used [0x00000000e0000000,0x00000000e0801308,0x00000000e1580000)
 Metaspace       used 14787K, capacity 15060K, committed 15232K, reserved 1062912K
  class space    used 1808K, capacity 1912K, committed 1920K, reserved 1048576K
}
Event: 5.837 GC heap before
{Heap before GC invocations=8 (full 0):
 PSYoungGen      total 38912K, used 38905K [0x00000000f5580000, 0x00000000fa480000, 0x0000000100000000)
  eden space 34304K, 100% used [0x00000000f5580000,0x00000000f7700000,0x00000000f7700000)
  from space 4608K, 99% used [0x00000000f7700000,0x00000000f7b7e4e8,0x00000000f7b80000)
  to   space 6144K, 0% used [0x00000000f9e80000,0x00000000f9e80000,0x00000000fa480000)
 ParOldGen       total 22016K, used 8196K [0x00000000e0000000, 0x00000000e1580000, 0x00000000f5580000)
  object space 22016K, 37% used [0x00000000e0000000,0x00000000e0801308,0x00000000e1580000)
 Metaspace       used 15939K, capacity 16406K, committed 16768K, reserved 1064960K
  class space    used 1921K, capacity 2059K, committed 2176K, reserved 1048576K
Event: 5.876 GC heap after
Heap after GC invocations=8 (full 0):
 PSYoungGen      total 73216K, used 6114K [0x00000000f5580000, 0x00000000fa780000, 0x0000000100000000)
  eden space 67072K, 0% used [0x00000000f5580000,0x00000000f5580000,0x00000000f9700000)
  from space 6144K, 99% used [0x00000000f9e80000,0x00000000fa478a88,0x00000000fa480000)
  to   space 7680K, 0% used [0x00000000f9700000,0x00000000f9700000,0x00000000f9e80000)
 ParOldGen       total 22016K, used 8736K [0x00000000e0000000, 0x00000000e1580000, 0x00000000f5580000)
  object space 22016K, 39% used [0x00000000e0000000,0x00000000e08882b0,0x00000000e1580000)
 Metaspace       used 15939K, capacity 16406K, committed 16768K, reserved 1064960K
  class space    used 1921K, capacity 2059K, committed 2176K, reserved 1048576K
}

