# JRE version: Java(TM) SE Runtime Environment (8.0_101-b13) (build 1.8.0_101-b13)
# Java VM: Java HotSpot(TM) 64-Bit Server VM (25.101-b13 mixed mode windows-amd64 compressed oops)
Heap:
 PSYoungGen      total 76288K, used 18471K [0x00000000f5580000, 0x00000000fed80000, 0x0000000100000000)
  eden space 69632K, 16% used [0x00000000f5580000,0x00000000f610def8,0x00000000f9980000)
  from space 6656K, 99% used [0x00000000f9980000,0x00000000f9ffbd38,0x00000000fa000000)
  to   space 8192K, 0% used [0x00000000fe580000,0x00000000fe580000,0x00000000fed80000)
 ParOldGen       total 22016K, used 14021K [0x00000000e0000000, 0x00000000e1580000, 0x00000000f5580000)
  object space 22016K, 63% used [0x00000000e0000000,0x00000000e0db16a0,0x00000000e1580000)
 Metaspace       used 19724K, capacity 20242K, committed 20480K, reserved 1067008K
  class space    used 2336K, capacity 2485K, committed 2560K, reserved 1048576K
GC Heap History (10 events):
Event: 1.158 GC heap before
{Heap before GC invocations=3 (full 0):
 PSYoungGen      total 18432K, used 18416K [0x00000000f5580000, 0x00000000f6880000, 0x0000000100000000)
  eden space 17408K, 100% used [0x00000000f5580000,0x00000000f6680000,0x00000000f6680000)
  from space 1024K, 98% used [0x00000000f6780000,0x00000000f687c010,0x00000000f6880000)
  to   space 1024K, 0% used [0x00000000f6680000,0x00000000f6680000,0x00000000f6780000)
 ParOldGen       total 22016K, used 2223K [0x00000000e0000000, 0x00000000e1580000, 0x00000000f5580000)
  object space 22016K, 10% used [0x00000000e0000000,0x00000000e022bec8,0x00000000e1580000)
 Metaspace       used 7823K, capacity 8008K, committed 8320K, reserved 1056768K
  class space    used 989K, capacity 1052K, committed 1152K, reserved 1048576K
Event: 1.165 GC heap after
Heap after GC invocations=3 (full 0):
 PSYoungGen      total 18432K, used 1024K [0x00000000f5580000, 0x00000000f7980000, 0x0000000100000000)
  eden space 17408K, 0% used [0x00000000f5580000,0x00000000f5580000,0x00000000f6680000)
  from space 1024K, 100% used [0x00000000f6680000,0x00000000f6780000,0x00000000f6780000)
  to   space 1024K, 0% used [0x00000000f7880000,0x00000000f7880000,0x00000000f7980000)
 ParOldGen       total 22016K, used 3683K [0x00000000e0000000, 0x00000000e1580000, 0x00000000f5580000)
  object space 22016K, 16% used [0x00000000e0000000,0x00000000e0398f40,0x00000000e1580000)
 Metaspace       used 7823K, capacity 8008K, committed 8320K, reserved 1056768K
  class space    used 989K, capacity 1052K, committed 1152K, reserved 1048576K
}
Event: 1.591 GC heap before
{Heap before GC invocations=4 (full 0):
 PSYoungGen      total 18432K, used 18432K [0x00000000f5580000, 0x00000000f7980000, 0x0000000100000000)
  eden space 17408K, 100% used [0x00000000f5580000,0x00000000f6680000,0x00000000f6680000)
  from space 1024K, 100% used [0x00000000f6680000,0x00000000f6780000,0x00000000f6780000)
  to   space 1024K, 0% used [0x00000000f7880000,0x00000000f7880000,0x00000000f7980000)
 ParOldGen       total 22016K, used 3683K [0x00000000e0000000, 0x00000000e1580000, 0x00000000f5580000)
  object space 22016K, 16% used [0x00000000e0000000,0x00000000e0398f40,0x00000000e1580000)
 Metaspace       used 9999K, capacity 10186K, committed 10368K, reserved 1058816K
  class space    used 1242K, capacity 1287K, committed 1408K, reserved 1048576K
Event: 1.600 GC heap after
Heap after GC invocations=4 (full 0):
 PSYoungGen      total 35840K, used 1024K [0x00000000f5580000, 0x00000000f7980000, 0x0000000100000000)
  eden space 34816K, 0% used [0x00000000f5580000,0x00000000f5580000,0x00000000f7780000)
  from space 1024K, 100% used [0x00000000f7880000,0x00000000f7980000,0x00000000f7980000)
  to   space 1024K, 0% used [0x00000000f7780000,0x00000000f7780000,0x00000000f7880000)
 ParOldGen       total 22016K, used 6601K [0x00000000e0000000, 0x00000000e1580000, 0x00000000f5580000)
  object space 22016K, 29% used [0x00000000e0000000,0x00000000e06727d8,0x00000000e1580000)
 Metaspace       used 9999K, capacity 10186K, committed 10368K, reserved 1058816K
  class space    used 1242K, capacity 1287K, committed 1408K, reserved 1048576K
}
Event: 2.787 GC heap before
{Heap before GC invocations=5 (full 0):
 PSYoungGen      total 35840K, used 35840K [0x00000000f5580000, 0x00000000f7980000, 0x0000000100000000)
  eden space 34816K, 100% used [0x00000000f5580000,0x00000000f7780000,0x00000000f7780000)
  from space 1024K, 100% used [0x00000000f7880000,0x00000000f7980000,0x00000000f7980000)
  to   space 1024K, 0% used [0x00000000f7780000,0x00000000f7780000,0x00000000f7880000)
 ParOldGen       total 22016K, used 6601K [0x00000000e0000000, 0x00000000e1580000, 0x00000000f5580000)
  object space 22016K, 29% used [0x00000000e0000000,0x00000000e06727d8,0x00000000e1580000)
 Metaspace       used 14487K, capacity 14748K, committed 14976K, reserved 1062912K
  class space    used 1790K, capacity 1876K, committed 1920K, reserved 1048576K
Event: 2.816 GC heap after
Heap after GC invocations=5 (full 0):
 PSYoungGen      total 35840K, used 1008K [0x00000000f5580000, 0x00000000fa680000, 0x0000000100000000)
  eden space 34816K, 0% used [0x00000000f5580000,0x00000000f5580000,0x00000000f7780000)
  from space 1024K, 98% used [0x00000000f7780000,0x00000000f787c010,0x00000000f7880000)
  to   space 6656K, 0% used [0x00000000fa000000,0x00000000fa000000,0x00000000fa680000)
 ParOldGen       total 22016K, used 12407K [0x00000000e0000000, 0x00000000e1580000, 0x00000000f5580000)
  object space 22016K, 56% used [0x00000000e0000000,0x00000000e0c1df48,0x00000000e1580000)
 Metaspace       used 14487K, capacity 14748K, committed 14976K, reserved 1062912K
  class space    used 1790K, capacity 1876K, committed 1920K, reserved 1048576K
}
Event: 3.487 GC heap before
{Heap before GC invocations=6 (full 0):
 PSYoungGen      total 35840K, used 35824K [0x00000000f5580000, 0x00000000fa680000, 0x0000000100000000)
  eden space 34816K, 100% used [0x00000000f5580000,0x00000000f7780000,0x00000000f7780000)
  from space 1024K, 98% used [0x00000000f7780000,0x00000000f787c010,0x00000000f7880000)
  to   space 6656K, 0% used [0x00000000fa000000,0x00000000fa000000,0x00000000fa680000)
 ParOldGen       total 22016K, used 12407K [0x00000000e0000000, 0x00000000e1580000, 0x00000000f5580000)
  object space 22016K, 56% used [0x00000000e0000000,0x00000000e0c1df48,0x00000000e1580000)
 Metaspace       used 15082K, capacity 15392K, committed 15488K, reserved 1062912K
  class space    used 1823K, capacity 1914K, committed 1920K, reserved 1048576K
Event: 3.508 GC heap after
Heap after GC invocations=6 (full 0):
 PSYoungGen      total 76288K, used 3701K [0x00000000f5580000, 0x00000000fa680000, 0x0000000100000000)
  eden space 69632K, 0% used [0x00000000f5580000,0x00000000f5580000,0x00000000f9980000)
  from space 6656K, 55% used [0x00000000fa000000,0x00000000fa39d4c8,0x00000000fa680000)
  to   space 6656K, 0% used [0x00000000f9980000,0x00000000f9980000,0x00000000fa000000)
 ParOldGen       total 22016K, used 12415K [0x00000000e0000000, 0x00000000e1580000, 0x00000000f5580000)
  object space 22016K, 56% used [0x00000000e0000000,0x00000000e0c1ff48,0x00000000e1580000)
 Metaspace       used 15082K, capacity 15392K, committed 15488K, reserved 1062912K
  class space    used 1823K, capacity 1914K, committed 1920K, reserved 1048576K
}
Event: 4.837 GC heap before
{Heap before GC invocations=7 (full 0):
 PSYoungGen      total 76288K, used 73333K [0x00000000f5580000, 0x00000000fa680000, 0x0000000100000000)
  eden space 69632K, 100% used [0x00000000f5580000,0x00000000f9980000,0x00000000f9980000)
  from space 6656K, 55% used [0x00000000fa000000,0x00000000fa39d4c8,0x00000000fa680000)
  to   space 6656K, 0% used [0x00000000f9980000,0x00000000f9980000,0x00000000fa000000)
 ParOldGen       total 22016K, used 12415K [0x00000000e0000000, 0x00000000e1580000, 0x00000000f5580000)
  object space 22016K, 56% used [0x00000000e0000000,0x00000000e0c1ff48,0x00000000e1580000)
 Metaspace       used 17188K, capacity 17746K, committed 17920K, reserved 1064960K
  class space    used 2044K, capacity 2229K, committed 2304K, reserved 1048576K
Event: 4.861 GC heap after
Heap after GC invocations=7 (full 0):
 PSYoungGen      total 76288K, used 6639K [0x00000000f5580000, 0x00000000fed80000, 0x0000000100000000)
  eden space 69632K, 0% used [0x00000000f5580000,0x00000000f5580000,0x00000000f9980000)
  from space 6656K, 99% used [0x00000000f9980000,0x00000000f9ffbd38,0x00000000fa000000)
  to   space 8192K, 0% used [0x00000000fe580000,0x00000000fe580000,0x00000000fed80000)
 ParOldGen       total 22016K, used 14021K [0x00000000e0000000, 0x00000000e1580000, 0x00000000f5580000)
  object space 22016K, 63% used [0x00000000e0000000,0x00000000e0db16a0,0x00000000e1580000)
 Metaspace       used 17188K, capacity 17746K, committed 17920K, reserved 1064960K
  class space    used 2044K, capacity 2229K, committed 2304K, reserved 1048576K
}

