# JRE version: Java(TM) SE Runtime Environment (8.0_101-b13) (build 1.8.0_101-b13)
# Java VM: Java HotSpot(TM) 64-Bit Server VM (25.101-b13 mixed mode windows-amd64 compressed oops)
Heap:
 PSYoungGen      total 139264K, used 2741K [0x00000000f5580000, 0x0000000100000000, 0x0000000100000000)
  eden space 110080K, 2% used [0x00000000f5580000,0x00000000f582d458,0x00000000fc100000)
  from space 29184K, 0% used [0x00000000fe380000,0x00000000fe380000,0x0000000100000000)
  to   space 32256K, 0% used [0x00000000fc100000,0x00000000fc100000,0x00000000fe080000)
 ParOldGen       total 89088K, used 49704K [0x00000000e0000000, 0x00000000e5700000, 0x00000000f5580000)
  object space 89088K, 55% used [0x00000000e0000000,0x00000000e308a1c0,0x00000000e5700000)
 Metaspace       used 36172K, capacity 36766K, committed 37116K, reserved 1081344K
  class space    used 4878K, capacity 5091K, committed 5120K, reserved 1048576K
GC Heap History (10 events):
Event: 33.007 GC heap before
{Heap before GC invocations=64 (full 3):
 PSYoungGen      total 145920K, used 143443K [0x00000000f5580000, 0x0000000100000000, 0x0000000100000000)
  eden space 118272K, 100% used [0x00000000f5580000,0x00000000fc900000,0x00000000fc900000)
  from space 27648K, 91% used [0x00000000fe400000,0x00000000ffc94d98,0x00000000fff00000)
  to   space 27648K, 0% used [0x00000000fc900000,0x00000000fc900000,0x00000000fe400000)
 ParOldGen       total 86528K, used 81200K [0x00000000e0000000, 0x00000000e5480000, 0x00000000f5580000)
  object space 86528K, 93% used [0x00000000e0000000,0x00000000e4f4c120,0x00000000e5480000)
 Metaspace       used 21735K, capacity 22244K, committed 22396K, reserved 1069056K
  class space    used 2499K, capacity 2680K, committed 2688K, reserved 1048576K
Event: 33.119 GC heap after
Heap after GC invocations=64 (full 3):
 PSYoungGen      total 145920K, used 25523K [0x00000000f5580000, 0x0000000100000000, 0x0000000100000000)
  eden space 118272K, 0% used [0x00000000f5580000,0x00000000f5580000,0x00000000fc900000)
  from space 27648K, 92% used [0x00000000fc900000,0x00000000fe1ecd98,0x00000000fe400000)
  to   space 27648K, 0% used [0x00000000fe500000,0x00000000fe500000,0x0000000100000000)
 ParOldGen       total 86528K, used 82052K [0x00000000e0000000, 0x00000000e5480000, 0x00000000f5580000)
  object space 86528K, 94% used [0x00000000e0000000,0x00000000e5021140,0x00000000e5480000)
 Metaspace       used 21735K, capacity 22244K, committed 22396K, reserved 1069056K
  class space    used 2499K, capacity 2680K, committed 2688K, reserved 1048576K
}
Event: 34.401 GC heap before
{Heap before GC invocations=65 (full 3):
 PSYoungGen      total 145920K, used 143795K [0x00000000f5580000, 0x0000000100000000, 0x0000000100000000)
  eden space 118272K, 100% used [0x00000000f5580000,0x00000000fc900000,0x00000000fc900000)
  from space 27648K, 92% used [0x00000000fc900000,0x00000000fe1ecd98,0x00000000fe400000)
  to   space 27648K, 0% used [0x00000000fe500000,0x00000000fe500000,0x0000000100000000)
 ParOldGen       total 86528K, used 82052K [0x00000000e0000000, 0x00000000e5480000, 0x00000000f5580000)
  object space 86528K, 94% used [0x00000000e0000000,0x00000000e5021140,0x00000000e5480000)
 Metaspace       used 25240K, capacity 25862K, committed 26236K, reserved 1073152K
  class space    used 2893K, capacity 3085K, committed 3200K, reserved 1048576K
Event: 34.497 GC heap after
Heap after GC invocations=65 (full 3):
 PSYoungGen      total 146944K, used 23446K [0x00000000f5580000, 0x0000000100000000, 0x0000000100000000)
  eden space 119296K, 0% used [0x00000000f5580000,0x00000000f5580000,0x00000000fca00000)
  from space 27648K, 84% used [0x00000000fe500000,0x00000000ffbe5878,0x0000000100000000)
  to   space 27648K, 0% used [0x00000000fca00000,0x00000000fca00000,0x00000000fe500000)
 ParOldGen       total 86528K, used 82960K [0x00000000e0000000, 0x00000000e5480000, 0x00000000f5580000)
  object space 86528K, 95% used [0x00000000e0000000,0x00000000e5104160,0x00000000e5480000)
 Metaspace       used 25240K, capacity 25862K, committed 26236K, reserved 1073152K
  class space    used 2893K, capacity 3085K, committed 3200K, reserved 1048576K
}
Event: 400.436 GC heap before
{Heap before GC invocations=66 (full 3):
 PSYoungGen      total 146944K, used 142742K [0x00000000f5580000, 0x0000000100000000, 0x0000000100000000)
  eden space 119296K, 100% used [0x00000000f5580000,0x00000000fca00000,0x00000000fca00000)
  from space 27648K, 84% used [0x00000000fe500000,0x00000000ffbe5878,0x0000000100000000)
  to   space 27648K, 0% used [0x00000000fca00000,0x00000000fca00000,0x00000000fe500000)
 ParOldGen       total 86528K, used 82960K [0x00000000e0000000, 0x00000000e5480000, 0x00000000f5580000)
  object space 86528K, 95% used [0x00000000e0000000,0x00000000e5104160,0x00000000e5480000)
 Metaspace       used 35909K, capacity 36602K, committed 36860K, reserved 1081344K
  class space    used 4854K, capacity 5083K, committed 5120K, reserved 1048576K
Event: 400.506 GC heap after
Heap after GC invocations=66 (full 3):
 PSYoungGen      total 133632K, used 14172K [0x00000000f5580000, 0x0000000100000000, 0x0000000100000000)
  eden space 119296K, 0% used [0x00000000f5580000,0x00000000f5580000,0x00000000fca00000)
  from space 14336K, 98% used [0x00000000fca00000,0x00000000fd7d7008,0x00000000fd800000)
  to   space 29184K, 0% used [0x00000000fe380000,0x00000000fe380000,0x0000000100000000)
 ParOldGen       total 86528K, used 84032K [0x00000000e0000000, 0x00000000e5480000, 0x00000000f5580000)
  object space 86528K, 97% used [0x00000000e0000000,0x00000000e52101c0,0x00000000e5480000)
 Metaspace       used 35909K, capacity 36602K, committed 36860K, reserved 1081344K
  class space    used 4854K, capacity 5083K, committed 5120K, reserved 1048576K
}
Event: 509.908 GC heap before
{Heap before GC invocations=67 (full 3):
 PSYoungGen      total 133632K, used 27150K [0x00000000f5580000, 0x0000000100000000, 0x0000000100000000)
  eden space 119296K, 10% used [0x00000000f5580000,0x00000000f622ca20,0x00000000fca00000)
  from space 14336K, 98% used [0x00000000fca00000,0x00000000fd7d7008,0x00000000fd800000)
  to   space 29184K, 0% used [0x00000000fe380000,0x00000000fe380000,0x0000000100000000)
 ParOldGen       total 86528K, used 84032K [0x00000000e0000000, 0x00000000e5480000, 0x00000000f5580000)
  object space 86528K, 97% used [0x00000000e0000000,0x00000000e52101c0,0x00000000e5480000)
 Metaspace       used 36225K, capacity 36890K, committed 37116K, reserved 1081344K
  class space    used 4889K, capacity 5115K, committed 5120K, reserved 1048576K
Event: 509.919 GC heap after
Heap after GC invocations=67 (full 3):
 PSYoungGen      total 139264K, used 1104K [0x00000000f5580000, 0x0000000100000000, 0x0000000100000000)
  eden space 110080K, 0% used [0x00000000f5580000,0x00000000f5580000,0x00000000fc100000)
  from space 29184K, 3% used [0x00000000fe380000,0x00000000fe4940e8,0x0000000100000000)
  to   space 32256K, 0% used [0x00000000fc100000,0x00000000fc100000,0x00000000fe080000)
 ParOldGen       total 89088K, used 87692K [0x00000000e0000000, 0x00000000e5700000, 0x00000000f5580000)
  object space 89088K, 98% used [0x00000000e0000000,0x00000000e55a31c0,0x00000000e5700000)
 Metaspace       used 36225K, capacity 36890K, committed 37116K, reserved 1081344K
  class space    used 4889K, capacity 5115K, committed 5120K, reserved 1048576K
}
Event: 509.919 GC heap before
{Heap before GC invocations=68 (full 4):
 PSYoungGen      total 139264K, used 1104K [0x00000000f5580000, 0x0000000100000000, 0x0000000100000000)
  eden space 110080K, 0% used [0x00000000f5580000,0x00000000f5580000,0x00000000fc100000)
  from space 29184K, 3% used [0x00000000fe380000,0x00000000fe4940e8,0x0000000100000000)
  to   space 32256K, 0% used [0x00000000fc100000,0x00000000fc100000,0x00000000fe080000)
 ParOldGen       total 89088K, used 87692K [0x00000000e0000000, 0x00000000e5700000, 0x00000000f5580000)
  object space 89088K, 98% used [0x00000000e0000000,0x00000000e55a31c0,0x00000000e5700000)
 Metaspace       used 36225K, capacity 36890K, committed 37116K, reserved 1081344K
  class space    used 4889K, capacity 5115K, committed 5120K, reserved 1048576K
Event: 510.297 GC heap after
Heap after GC invocations=68 (full 4):
 PSYoungGen      total 139264K, used 0K [0x00000000f5580000, 0x0000000100000000, 0x0000000100000000)
  eden space 110080K, 0% used [0x00000000f5580000,0x00000000f5580000,0x00000000fc100000)
  from space 29184K, 0% used [0x00000000fe380000,0x00000000fe380000,0x0000000100000000)
  to   space 32256K, 0% used [0x00000000fc100000,0x00000000fc100000,0x00000000fe080000)
 ParOldGen       total 89088K, used 49704K [0x00000000e0000000, 0x00000000e5700000, 0x00000000f5580000)
  object space 89088K, 55% used [0x00000000e0000000,0x00000000e308a1c0,0x00000000e5700000)
 Metaspace       used 36163K, capacity 36766K, committed 37116K, reserved 1081344K
  class space    used 4876K, capacity 5091K, committed 5120K, reserved 1048576K
}

