# JRE version: Java(TM) SE Runtime Environment (8.0_101-b13) (build 1.8.0_101-b13)
# Java VM: Java HotSpot(TM) 64-Bit Server VM (25.101-b13 mixed mode windows-amd64 compressed oops)
Heap:
 PSYoungGen      total 18432K, used 9113K [0x00000000f5580000, 0x00000000f6880000, 0x0000000100000000)
  eden space 17408K, 46% used [0x00000000f5580000,0x00000000f5d6a5f0,0x00000000f6680000)
  from space 1024K, 98% used [0x00000000f6780000,0x00000000f687c010,0x00000000f6880000)
  to   space 1024K, 0% used [0x00000000f6680000,0x00000000f6680000,0x00000000f6780000)
 ParOldGen       total 22016K, used 2227K [0x00000000e0000000, 0x00000000e1580000, 0x00000000f5580000)
  object space 22016K, 10% used [0x00000000e0000000,0x00000000e022cc98,0x00000000e1580000)
 Metaspace       used 7538K, capacity 7688K, committed 7936K, reserved 1056768K
  class space    used 933K, capacity 988K, committed 1024K, reserved 1048576K
GC Heap History (4 events):
Event: 0.581 GC heap before
{Heap before GC invocations=1 (full 0):
 PSYoungGen      total 9728K, used 8704K [0x00000000f5580000, 0x00000000f6000000, 0x0000000100000000)
  eden space 8704K, 100% used [0x00000000f5580000,0x00000000f5e00000,0x00000000f5e00000)
  from space 1024K, 0% used [0x00000000f5f00000,0x00000000f5f00000,0x00000000f6000000)
  to   space 1024K, 0% used [0x00000000f5e00000,0x00000000f5e00000,0x00000000f5f00000)
 ParOldGen       total 22016K, used 0K [0x00000000e0000000, 0x00000000e1580000, 0x00000000f5580000)
  object space 22016K, 0% used [0x00000000e0000000,0x00000000e0000000,0x00000000e1580000)
 Metaspace       used 5046K, capacity 5688K, committed 5760K, reserved 1056768K
  class space    used 573K, capacity 604K, committed 640K, reserved 1048576K
Event: 0.592 GC heap after
Heap after GC invocations=1 (full 0):
 PSYoungGen      total 9728K, used 992K [0x00000000f5580000, 0x00000000f6880000, 0x0000000100000000)
  eden space 8704K, 0% used [0x00000000f5580000,0x00000000f5580000,0x00000000f5e00000)
  from space 1024K, 96% used [0x00000000f5e00000,0x00000000f5ef8020,0x00000000f5f00000)
  to   space 1024K, 0% used [0x00000000f6780000,0x00000000f6780000,0x00000000f6880000)
 ParOldGen       total 22016K, used 909K [0x00000000e0000000, 0x00000000e1580000, 0x00000000f5580000)
  object space 22016K, 4% used [0x00000000e0000000,0x00000000e00e3610,0x00000000e1580000)
 Metaspace       used 5046K, capacity 5688K, committed 5760K, reserved 1056768K
  class space    used 573K, capacity 604K, committed 640K, reserved 1048576K
}
Event: 0.829 GC heap before
{Heap before GC invocations=2 (full 0):
 PSYoungGen      total 9728K, used 9696K [0x00000000f5580000, 0x00000000f6880000, 0x0000000100000000)
  eden space 8704K, 100% used [0x00000000f5580000,0x00000000f5e00000,0x00000000f5e00000)
  from space 1024K, 96% used [0x00000000f5e00000,0x00000000f5ef8020,0x00000000f5f00000)
  to   space 1024K, 0% used [0x00000000f6780000,0x00000000f6780000,0x00000000f6880000)
 ParOldGen       total 22016K, used 909K [0x00000000e0000000, 0x00000000e1580000, 0x00000000f5580000)
  object space 22016K, 4% used [0x00000000e0000000,0x00000000e00e3610,0x00000000e1580000)
 Metaspace       used 6598K, capacity 6840K, committed 7040K, reserved 1056768K
  class space    used 792K, capacity 860K, committed 896K, reserved 1048576K
Event: 0.835 GC heap after
Heap after GC invocations=2 (full 0):
 PSYoungGen      total 18432K, used 1008K [0x00000000f5580000, 0x00000000f6880000, 0x0000000100000000)
  eden space 17408K, 0% used [0x00000000f5580000,0x00000000f5580000,0x00000000f6680000)
  from space 1024K, 98% used [0x00000000f6780000,0x00000000f687c010,0x00000000f6880000)
  to   space 1024K, 0% used [0x00000000f6680000,0x00000000f6680000,0x00000000f6780000)
 ParOldGen       total 22016K, used 2227K [0x00000000e0000000, 0x00000000e1580000, 0x00000000f5580000)
  object space 22016K, 10% used [0x00000000e0000000,0x00000000e022cc98,0x00000000e1580000)
 Metaspace       used 6598K, capacity 6840K, committed 7040K, reserved 1056768K
  class space    used 792K, capacity 860K, committed 896K, reserved 1048576K
}

