# JRE version: Java(TM) SE Runtime Environment (8.0_101-b13) (build 1.8.0_101-b13)
# Java VM: Java HotSpot(TM) 64-Bit Server VM (25.101-b13 mixed mode windows-amd64 compressed oops)
Heap:
 PSYoungGen      total 74752K, used 8485K [0x00000000f5580000, 0x00000000fd280000, 0x0000000100000000)
  eden space 67584K, 1% used [0x00000000f5580000,0x00000000f56ce7c8,0x00000000f9780000)
  from space 7168K, 99% used [0x00000000f9780000,0x00000000f9e7acf0,0x00000000f9e80000)
  to   space 9728K, 0% used [0x00000000fc900000,0x00000000fc900000,0x00000000fd280000)
 ParOldGen       total 22016K, used 12184K [0x00000000e0000000, 0x00000000e1580000, 0x00000000f5580000)
  object space 22016K, 55% used [0x00000000e0000000,0x00000000e0be6348,0x00000000e1580000)
 Metaspace       used 19783K, capacity 20242K, committed 20480K, reserved 1067008K
  class space    used 2335K, capacity 2485K, committed 2560K, reserved 1048576K
GC Heap History (10 events):
Event: 8.611 GC heap before
{Heap before GC invocations=5 (full 0):
 PSYoungGen      total 18432K, used 18432K [0x00000000f5580000, 0x00000000f6880000, 0x0000000100000000)
  eden space 17408K, 100% used [0x00000000f5580000,0x00000000f6680000,0x00000000f6680000)
  from space 1024K, 100% used [0x00000000f6780000,0x00000000f6880000,0x00000000f6880000)
  to   space 1024K, 0% used [0x00000000f6680000,0x00000000f6680000,0x00000000f6780000)
 ParOldGen       total 22016K, used 3695K [0x00000000e0000000, 0x00000000e1580000, 0x00000000f5580000)
  object space 22016K, 16% used [0x00000000e0000000,0x00000000e039bf20,0x00000000e1580000)
 Metaspace       used 9982K, capacity 10212K, committed 10368K, reserved 1058816K
  class space    used 1244K, capacity 1317K, committed 1408K, reserved 1048576K
Event: 8.624 GC heap after
Heap after GC invocations=5 (full 0):
 PSYoungGen      total 18432K, used 992K [0x00000000f5580000, 0x00000000f7f80000, 0x0000000100000000)
  eden space 17408K, 0% used [0x00000000f5580000,0x00000000f5580000,0x00000000f6680000)
  from space 1024K, 96% used [0x00000000f6680000,0x00000000f6778020,0x00000000f6780000)
  to   space 4096K, 0% used [0x00000000f7b80000,0x00000000f7b80000,0x00000000f7f80000)
 ParOldGen       total 22016K, used 6632K [0x00000000e0000000, 0x00000000e1580000, 0x00000000f5580000)
  object space 22016K, 30% used [0x00000000e0000000,0x00000000e067a390,0x00000000e1580000)
 Metaspace       used 9982K, capacity 10212K, committed 10368K, reserved 1058816K
  class space    used 1244K, capacity 1317K, committed 1408K, reserved 1048576K
}
Event: 9.138 GC heap before
{Heap before GC invocations=6 (full 0):
 PSYoungGen      total 18432K, used 18400K [0x00000000f5580000, 0x00000000f7f80000, 0x0000000100000000)
  eden space 17408K, 100% used [0x00000000f5580000,0x00000000f6680000,0x00000000f6680000)
  from space 1024K, 96% used [0x00000000f6680000,0x00000000f6778020,0x00000000f6780000)
  to   space 4096K, 0% used [0x00000000f7b80000,0x00000000f7b80000,0x00000000f7f80000)
 ParOldGen       total 22016K, used 6632K [0x00000000e0000000, 0x00000000e1580000, 0x00000000f5580000)
  object space 22016K, 30% used [0x00000000e0000000,0x00000000e067a390,0x00000000e1580000)
 Metaspace       used 12055K, capacity 12282K, committed 12416K, reserved 1060864K
  class space    used 1538K, capacity 1641K, committed 1664K, reserved 1048576K
Event: 9.148 GC heap after
Heap after GC invocations=6 (full 0):
 PSYoungGen      total 38400K, used 4038K [0x00000000f5580000, 0x00000000f8080000, 0x0000000100000000)
  eden space 34304K, 0% used [0x00000000f5580000,0x00000000f5580000,0x00000000f7700000)
  from space 4096K, 98% used [0x00000000f7b80000,0x00000000f7f71a88,0x00000000f7f80000)
  to   space 4608K, 0% used [0x00000000f7700000,0x00000000f7700000,0x00000000f7b80000)
 ParOldGen       total 22016K, used 6640K [0x00000000e0000000, 0x00000000e1580000, 0x00000000f5580000)
  object space 22016K, 30% used [0x00000000e0000000,0x00000000e067c390,0x00000000e1580000)
 Metaspace       used 12055K, capacity 12282K, committed 12416K, reserved 1060864K
  class space    used 1538K, capacity 1641K, committed 1664K, reserved 1048576K
}
Event: 15.159 GC heap before
{Heap before GC invocations=7 (full 0):
 PSYoungGen      total 38400K, used 38342K [0x00000000f5580000, 0x00000000f8080000, 0x0000000100000000)
  eden space 34304K, 100% used [0x00000000f5580000,0x00000000f7700000,0x00000000f7700000)
  from space 4096K, 98% used [0x00000000f7b80000,0x00000000f7f71a88,0x00000000f7f80000)
  to   space 4608K, 0% used [0x00000000f7700000,0x00000000f7700000,0x00000000f7b80000)
 ParOldGen       total 22016K, used 6640K [0x00000000e0000000, 0x00000000e1580000, 0x00000000f5580000)
  object space 22016K, 30% used [0x00000000e0000000,0x00000000e067c390,0x00000000e1580000)
 Metaspace       used 14785K, capacity 15060K, committed 15232K, reserved 1062912K
  class space    used 1806K, capacity 1912K, committed 1920K, reserved 1048576K
Event: 15.179 GC heap after
Heap after GC invocations=7 (full 0):
 PSYoungGen      total 38912K, used 4588K [0x00000000f5580000, 0x00000000fa480000, 0x0000000100000000)
  eden space 34304K, 0% used [0x00000000f5580000,0x00000000f5580000,0x00000000f7700000)
  from space 4608K, 99% used [0x00000000f7700000,0x00000000f7b7b160,0x00000000f7b80000)
  to   space 6144K, 0% used [0x00000000f9e80000,0x00000000f9e80000,0x00000000fa480000)
 ParOldGen       total 22016K, used 7973K [0x00000000e0000000, 0x00000000e1580000, 0x00000000f5580000)
  object space 22016K, 36% used [0x00000000e0000000,0x00000000e07c9690,0x00000000e1580000)
 Metaspace       used 14785K, capacity 15060K, committed 15232K, reserved 1062912K
  class space    used 1806K, capacity 1912K, committed 1920K, reserved 1048576K
}
Event: 23.381 GC heap before
{Heap before GC invocations=8 (full 0):
 PSYoungGen      total 38912K, used 38892K [0x00000000f5580000, 0x00000000fa480000, 0x0000000100000000)
  eden space 34304K, 100% used [0x00000000f5580000,0x00000000f7700000,0x00000000f7700000)
  from space 4608K, 99% used [0x00000000f7700000,0x00000000f7b7b160,0x00000000f7b80000)
  to   space 6144K, 0% used [0x00000000f9e80000,0x00000000f9e80000,0x00000000fa480000)
 ParOldGen       total 22016K, used 7973K [0x00000000e0000000, 0x00000000e1580000, 0x00000000f5580000)
  object space 22016K, 36% used [0x00000000e0000000,0x00000000e07c9690,0x00000000e1580000)
 Metaspace       used 15945K, capacity 16406K, committed 16768K, reserved 1064960K
  class space    used 1920K, capacity 2059K, committed 2176K, reserved 1048576K
Event: 23.400 GC heap after
Heap after GC invocations=8 (full 0):
 PSYoungGen      total 73728K, used 6133K [0x00000000f5580000, 0x00000000fa680000, 0x0000000100000000)
  eden space 67584K, 0% used [0x00000000f5580000,0x00000000f5580000,0x00000000f9780000)
  from space 6144K, 99% used [0x00000000f9e80000,0x00000000fa47d660,0x00000000fa480000)
  to   space 7168K, 0% used [0x00000000f9780000,0x00000000f9780000,0x00000000f9e80000)
 ParOldGen       total 22016K, used 8459K [0x00000000e0000000, 0x00000000e1580000, 0x00000000f5580000)
  object space 22016K, 38% used [0x00000000e0000000,0x00000000e0842df0,0x00000000e1580000)
 Metaspace       used 15945K, capacity 16406K, committed 16768K, reserved 1064960K
  class space    used 1920K, capacity 2059K, committed 2176K, reserved 1048576K
}
Event: 28.138 GC heap before
{Heap before GC invocations=9 (full 0):
 PSYoungGen      total 73728K, used 73717K [0x00000000f5580000, 0x00000000fa680000, 0x0000000100000000)
  eden space 67584K, 100% used [0x00000000f5580000,0x00000000f9780000,0x00000000f9780000)
  from space 6144K, 99% used [0x00000000f9e80000,0x00000000fa47d660,0x00000000fa480000)
  to   space 7168K, 0% used [0x00000000f9780000,0x00000000f9780000,0x00000000f9e80000)
 ParOldGen       total 22016K, used 8459K [0x00000000e0000000, 0x00000000e1580000, 0x00000000f5580000)
  object space 22016K, 38% used [0x00000000e0000000,0x00000000e0842df0,0x00000000e1580000)
 Metaspace       used 19783K, capacity 20242K, committed 20480K, reserved 1067008K
  class space    used 2335K, capacity 2485K, committed 2560K, reserved 1048576K
Event: 28.176 GC heap after
Heap after GC invocations=9 (full 0):
 PSYoungGen      total 74752K, used 7147K [0x00000000f5580000, 0x00000000fd280000, 0x0000000100000000)
  eden space 67584K, 0% used [0x00000000f5580000,0x00000000f5580000,0x00000000f9780000)
  from space 7168K, 99% used [0x00000000f9780000,0x00000000f9e7acf0,0x00000000f9e80000)
  to   space 9728K, 0% used [0x00000000fc900000,0x00000000fc900000,0x00000000fd280000)
 ParOldGen       total 22016K, used 12184K [0x00000000e0000000, 0x00000000e1580000, 0x00000000f5580000)
  object space 22016K, 55% used [0x00000000e0000000,0x00000000e0be6348,0x00000000e1580000)
 Metaspace       used 19783K, capacity 20242K, committed 20480K, reserved 1067008K
  class space    used 2335K, capacity 2485K, committed 2560K, reserved 1048576K
}

