# JRE version: Java(TM) SE Runtime Environment (8.0_101-b13) (build 1.8.0_101-b13)
# Java VM: Java HotSpot(TM) 64-Bit Server VM (25.101-b13 mixed mode windows-amd64 compressed oops)
Heap:
 PSYoungGen      total 73728K, used 68471K [0x00000000f5580000, 0x00000000fa680000, 0x0000000100000000)
  eden space 67584K, 92% used [0x00000000f5580000,0x00000000f92645e0,0x00000000f9780000)
  from space 6144K, 99% used [0x00000000f9e80000,0x00000000fa479690,0x00000000fa480000)
  to   space 7168K, 0% used [0x00000000f9780000,0x00000000f9780000,0x00000000f9e80000)
 ParOldGen       total 22016K, used 8734K [0x00000000e0000000, 0x00000000e1580000, 0x00000000f5580000)
  object space 22016K, 39% used [0x00000000e0000000,0x00000000e08879a8,0x00000000e1580000)
 Metaspace       used 19800K, capacity 20306K, committed 20480K, reserved 1067008K
  class space    used 2334K, capacity 2485K, committed 2560K, reserved 1048576K
GC Heap History (10 events):
Event: 1.975 GC heap before
{Heap before GC invocations=4 (full 0):
 PSYoungGen      total 9728K, used 9728K [0x00000000f5580000, 0x00000000f6880000, 0x0000000100000000)
  eden space 8704K, 100% used [0x00000000f5580000,0x00000000f5e00000,0x00000000f5e00000)
  from space 1024K, 100% used [0x00000000f5e00000,0x00000000f5f00000,0x00000000f5f00000)
  to   space 1024K, 0% used [0x00000000f6780000,0x00000000f6780000,0x00000000f6880000)
 ParOldGen       total 22016K, used 3146K [0x00000000e0000000, 0x00000000e1580000, 0x00000000f5580000)
  object space 22016K, 14% used [0x00000000e0000000,0x00000000e0312a00,0x00000000e1580000)
 Metaspace       used 7857K, capacity 8008K, committed 8320K, reserved 1056768K
  class space    used 989K, capacity 1052K, committed 1152K, reserved 1048576K
Event: 1.983 GC heap after
Heap after GC invocations=4 (full 0):
 PSYoungGen      total 18432K, used 1008K [0x00000000f5580000, 0x00000000f6880000, 0x0000000100000000)
  eden space 17408K, 0% used [0x00000000f5580000,0x00000000f5580000,0x00000000f6680000)
  from space 1024K, 98% used [0x00000000f6780000,0x00000000f687c010,0x00000000f6880000)
  to   space 1024K, 0% used [0x00000000f6680000,0x00000000f6680000,0x00000000f6780000)
 ParOldGen       total 22016K, used 3785K [0x00000000e0000000, 0x00000000e1580000, 0x00000000f5580000)
  object space 22016K, 17% used [0x00000000e0000000,0x00000000e03b2550,0x00000000e1580000)
 Metaspace       used 7857K, capacity 8008K, committed 8320K, reserved 1056768K
  class space    used 989K, capacity 1052K, committed 1152K, reserved 1048576K
}
Event: 2.545 GC heap before
{Heap before GC invocations=5 (full 0):
 PSYoungGen      total 18432K, used 18416K [0x00000000f5580000, 0x00000000f6880000, 0x0000000100000000)
  eden space 17408K, 100% used [0x00000000f5580000,0x00000000f6680000,0x00000000f6680000)
  from space 1024K, 98% used [0x00000000f6780000,0x00000000f687c010,0x00000000f6880000)
  to   space 1024K, 0% used [0x00000000f6680000,0x00000000f6680000,0x00000000f6780000)
 ParOldGen       total 22016K, used 3785K [0x00000000e0000000, 0x00000000e1580000, 0x00000000f5580000)
  object space 22016K, 17% used [0x00000000e0000000,0x00000000e03b2550,0x00000000e1580000)
 Metaspace       used 9982K, capacity 10212K, committed 10368K, reserved 1058816K
  class space    used 1244K, capacity 1317K, committed 1408K, reserved 1048576K
Event: 2.562 GC heap after
Heap after GC invocations=5 (full 0):
 PSYoungGen      total 18432K, used 1024K [0x00000000f5580000, 0x00000000f7f80000, 0x0000000100000000)
  eden space 17408K, 0% used [0x00000000f5580000,0x00000000f5580000,0x00000000f6680000)
  from space 1024K, 100% used [0x00000000f6680000,0x00000000f6780000,0x00000000f6780000)
  to   space 4096K, 0% used [0x00000000f7b80000,0x00000000f7b80000,0x00000000f7f80000)
 ParOldGen       total 22016K, used 6687K [0x00000000e0000000, 0x00000000e1580000, 0x00000000f5580000)
  object space 22016K, 30% used [0x00000000e0000000,0x00000000e0687ee0,0x00000000e1580000)
 Metaspace       used 9982K, capacity 10212K, committed 10368K, reserved 1058816K
  class space    used 1244K, capacity 1317K, committed 1408K, reserved 1048576K
}
Event: 3.441 GC heap before
{Heap before GC invocations=6 (full 0):
 PSYoungGen      total 18432K, used 18432K [0x00000000f5580000, 0x00000000f7f80000, 0x0000000100000000)
  eden space 17408K, 100% used [0x00000000f5580000,0x00000000f6680000,0x00000000f6680000)
  from space 1024K, 100% used [0x00000000f6680000,0x00000000f6780000,0x00000000f6780000)
  to   space 4096K, 0% used [0x00000000f7b80000,0x00000000f7b80000,0x00000000f7f80000)
 ParOldGen       total 22016K, used 6687K [0x00000000e0000000, 0x00000000e1580000, 0x00000000f5580000)
  object space 22016K, 30% used [0x00000000e0000000,0x00000000e0687ee0,0x00000000e1580000)
 Metaspace       used 12057K, capacity 12282K, committed 12416K, reserved 1060864K
  class space    used 1538K, capacity 1641K, committed 1664K, reserved 1048576K
Event: 3.455 GC heap after
Heap after GC invocations=6 (full 0):
 PSYoungGen      total 38400K, used 4069K [0x00000000f5580000, 0x00000000f8080000, 0x0000000100000000)
  eden space 34304K, 0% used [0x00000000f5580000,0x00000000f5580000,0x00000000f7700000)
  from space 4096K, 99% used [0x00000000f7b80000,0x00000000f7f79458,0x00000000f7f80000)
  to   space 4608K, 0% used [0x00000000f7700000,0x00000000f7700000,0x00000000f7b80000)
 ParOldGen       total 22016K, used 6703K [0x00000000e0000000, 0x00000000e1580000, 0x00000000f5580000)
  object space 22016K, 30% used [0x00000000e0000000,0x00000000e068bee0,0x00000000e1580000)
 Metaspace       used 12057K, capacity 12282K, committed 12416K, reserved 1060864K
  class space    used 1538K, capacity 1641K, committed 1664K, reserved 1048576K
}
Event: 5.239 GC heap before
{Heap before GC invocations=7 (full 0):
 PSYoungGen      total 38400K, used 38373K [0x00000000f5580000, 0x00000000f8080000, 0x0000000100000000)
  eden space 34304K, 100% used [0x00000000f5580000,0x00000000f7700000,0x00000000f7700000)
  from space 4096K, 99% used [0x00000000f7b80000,0x00000000f7f79458,0x00000000f7f80000)
  to   space 4608K, 0% used [0x00000000f7700000,0x00000000f7700000,0x00000000f7b80000)
 ParOldGen       total 22016K, used 6703K [0x00000000e0000000, 0x00000000e1580000, 0x00000000f5580000)
  object space 22016K, 30% used [0x00000000e0000000,0x00000000e068bee0,0x00000000e1580000)
 Metaspace       used 14747K, capacity 14996K, committed 15232K, reserved 1062912K
  class space    used 1806K, capacity 1912K, committed 1920K, reserved 1048576K
Event: 5.266 GC heap after
Heap after GC invocations=7 (full 0):
 PSYoungGen      total 38912K, used 4602K [0x00000000f5580000, 0x00000000fa480000, 0x0000000100000000)
  eden space 34304K, 0% used [0x00000000f5580000,0x00000000f5580000,0x00000000f7700000)
  from space 4608K, 99% used [0x00000000f7700000,0x00000000f7b7ea90,0x00000000f7b80000)
  to   space 6144K, 0% used [0x00000000f9e80000,0x00000000f9e80000,0x00000000fa480000)
 ParOldGen       total 22016K, used 8092K [0x00000000e0000000, 0x00000000e1580000, 0x00000000f5580000)
  object space 22016K, 36% used [0x00000000e0000000,0x00000000e07e7120,0x00000000e1580000)
 Metaspace       used 14747K, capacity 14996K, committed 15232K, reserved 1062912K
  class space    used 1806K, capacity 1912K, committed 1920K, reserved 1048576K
}
Event: 6.731 GC heap before
{Heap before GC invocations=8 (full 0):
 PSYoungGen      total 38912K, used 38906K [0x00000000f5580000, 0x00000000fa480000, 0x0000000100000000)
  eden space 34304K, 100% used [0x00000000f5580000,0x00000000f7700000,0x00000000f7700000)
  from space 4608K, 99% used [0x00000000f7700000,0x00000000f7b7ea90,0x00000000f7b80000)
  to   space 6144K, 0% used [0x00000000f9e80000,0x00000000f9e80000,0x00000000fa480000)
 ParOldGen       total 22016K, used 8092K [0x00000000e0000000, 0x00000000e1580000, 0x00000000f5580000)
  object space 22016K, 36% used [0x00000000e0000000,0x00000000e07e7120,0x00000000e1580000)
 Metaspace       used 16025K, capacity 16470K, committed 16768K, reserved 1064960K
  class space    used 1920K, capacity 2059K, committed 2176K, reserved 1048576K
Event: 6.772 GC heap after
Heap after GC invocations=8 (full 0):
 PSYoungGen      total 73728K, used 6117K [0x00000000f5580000, 0x00000000fa680000, 0x0000000100000000)
  eden space 67584K, 0% used [0x00000000f5580000,0x00000000f5580000,0x00000000f9780000)
  from space 6144K, 99% used [0x00000000f9e80000,0x00000000fa479690,0x00000000fa480000)
  to   space 7168K, 0% used [0x00000000f9780000,0x00000000f9780000,0x00000000f9e80000)
 ParOldGen       total 22016K, used 8734K [0x00000000e0000000, 0x00000000e1580000, 0x00000000f5580000)
  object space 22016K, 39% used [0x00000000e0000000,0x00000000e08879a8,0x00000000e1580000)
 Metaspace       used 16025K, capacity 16470K, committed 16768K, reserved 1064960K
  class space    used 1920K, capacity 2059K, committed 2176K, reserved 1048576K
}

