# JRE version: Java(TM) SE Runtime Environment (8.0_101-b13) (build 1.8.0_101-b13)
# Java VM: Java HotSpot(TM) 64-Bit Server VM (25.101-b13 mixed mode windows-amd64 compressed oops)
Heap:
 PSYoungGen      total 118272K, used 14101K [0x00000000f5580000, 0x00000000fd380000, 0x0000000100000000)
  eden space 108544K, 12% used [0x00000000f5580000,0x00000000f6345400,0x00000000fbf80000)
  from space 9728K, 0% used [0x00000000fca00000,0x00000000fca00000,0x00000000fd380000)
  to   space 10240K, 0% used [0x00000000fbf80000,0x00000000fbf80000,0x00000000fc980000)
 ParOldGen       total 26112K, used 11298K [0x00000000e0000000, 0x00000000e1980000, 0x00000000f5580000)
  object space 26112K, 43% used [0x00000000e0000000,0x00000000e0b08b30,0x00000000e1980000)
 Metaspace       used 20694K, capacity 21166K, committed 21552K, reserved 1069056K
  class space    used 2437K, capacity 2623K, committed 2688K, reserved 1048576K
GC Heap History (10 events):
Event: 5.871 GC heap before
{Heap before GC invocations=7 (full 0):
 PSYoungGen      total 38400K, used 38370K [0x00000000f5580000, 0x00000000f8080000, 0x0000000100000000)
  eden space 34304K, 100% used [0x00000000f5580000,0x00000000f7700000,0x00000000f7700000)
  from space 4096K, 99% used [0x00000000f7b80000,0x00000000f7f78980,0x00000000f7f80000)
  to   space 4608K, 0% used [0x00000000f7700000,0x00000000f7700000,0x00000000f7b80000)
 ParOldGen       total 22016K, used 6665K [0x00000000e0000000, 0x00000000e1580000, 0x00000000f5580000)
  object space 22016K, 30% used [0x00000000e0000000,0x00000000e0682558,0x00000000e1580000)
 Metaspace       used 14765K, capacity 15060K, committed 15232K, reserved 1062912K
  class space    used 1808K, capacity 1912K, committed 1920K, reserved 1048576K
Event: 5.895 GC heap after
Heap after GC invocations=7 (full 0):
 PSYoungGen      total 38912K, used 4584K [0x00000000f5580000, 0x00000000fa480000, 0x0000000100000000)
  eden space 34304K, 0% used [0x00000000f5580000,0x00000000f5580000,0x00000000f7700000)
  from space 4608K, 99% used [0x00000000f7700000,0x00000000f7b7a308,0x00000000f7b80000)
  to   space 6144K, 0% used [0x00000000f9e80000,0x00000000f9e80000,0x00000000fa480000)
 ParOldGen       total 22016K, used 8241K [0x00000000e0000000, 0x00000000e1580000, 0x00000000f5580000)
  object space 22016K, 37% used [0x00000000e0000000,0x00000000e080c520,0x00000000e1580000)
 Metaspace       used 14765K, capacity 15060K, committed 15232K, reserved 1062912K
  class space    used 1808K, capacity 1912K, committed 1920K, reserved 1048576K
}
Event: 7.884 GC heap before
{Heap before GC invocations=8 (full 0):
 PSYoungGen      total 38912K, used 38888K [0x00000000f5580000, 0x00000000fa480000, 0x0000000100000000)
  eden space 34304K, 100% used [0x00000000f5580000,0x00000000f7700000,0x00000000f7700000)
  from space 4608K, 99% used [0x00000000f7700000,0x00000000f7b7a308,0x00000000f7b80000)
  to   space 6144K, 0% used [0x00000000f9e80000,0x00000000f9e80000,0x00000000fa480000)
 ParOldGen       total 22016K, used 8241K [0x00000000e0000000, 0x00000000e1580000, 0x00000000f5580000)
  object space 22016K, 37% used [0x00000000e0000000,0x00000000e080c520,0x00000000e1580000)
 Metaspace       used 15990K, capacity 16400K, committed 16768K, reserved 1064960K
  class space    used 1920K, capacity 2058K, committed 2176K, reserved 1048576K
Event: 7.951 GC heap after
Heap after GC invocations=8 (full 0):
 PSYoungGen      total 73728K, used 6133K [0x00000000f5580000, 0x00000000fa680000, 0x0000000100000000)
  eden space 67584K, 0% used [0x00000000f5580000,0x00000000f5580000,0x00000000f9780000)
  from space 6144K, 99% used [0x00000000f9e80000,0x00000000fa47d660,0x00000000fa480000)
  to   space 7168K, 0% used [0x00000000f9780000,0x00000000f9780000,0x00000000f9e80000)
 ParOldGen       total 22016K, used 8600K [0x00000000e0000000, 0x00000000e1580000, 0x00000000f5580000)
  object space 22016K, 39% used [0x00000000e0000000,0x00000000e08662e0,0x00000000e1580000)
 Metaspace       used 15990K, capacity 16400K, committed 16768K, reserved 1064960K
  class space    used 1920K, capacity 2058K, committed 2176K, reserved 1048576K
}
Event: 12.735 GC heap before
{Heap before GC invocations=9 (full 0):
 PSYoungGen      total 73728K, used 73717K [0x00000000f5580000, 0x00000000fa680000, 0x0000000100000000)
  eden space 67584K, 100% used [0x00000000f5580000,0x00000000f9780000,0x00000000f9780000)
  from space 6144K, 99% used [0x00000000f9e80000,0x00000000fa47d660,0x00000000fa480000)
  to   space 7168K, 0% used [0x00000000f9780000,0x00000000f9780000,0x00000000f9e80000)
 ParOldGen       total 22016K, used 8600K [0x00000000e0000000, 0x00000000e1580000, 0x00000000f5580000)
  object space 22016K, 39% used [0x00000000e0000000,0x00000000e08662e0,0x00000000e1580000)
 Metaspace       used 20567K, capacity 21102K, committed 21296K, reserved 1069056K
  class space    used 2435K, capacity 2623K, committed 2688K, reserved 1048576K
Event: 12.771 GC heap after
Heap after GC invocations=9 (full 0):
 PSYoungGen      total 74752K, used 7145K [0x00000000f5580000, 0x00000000fd480000, 0x0000000100000000)
  eden space 67584K, 0% used [0x00000000f5580000,0x00000000f5580000,0x00000000f9780000)
  from space 7168K, 99% used [0x00000000f9780000,0x00000000f9e7a7f0,0x00000000f9e80000)
  to   space 10752K, 0% used [0x00000000fca00000,0x00000000fca00000,0x00000000fd480000)
 ParOldGen       total 22016K, used 13987K [0x00000000e0000000, 0x00000000e1580000, 0x00000000f5580000)
  object space 22016K, 63% used [0x00000000e0000000,0x00000000e0da8e10,0x00000000e1580000)
 Metaspace       used 20567K, capacity 21102K, committed 21296K, reserved 1069056K
  class space    used 2435K, capacity 2623K, committed 2688K, reserved 1048576K
}
Event: 12.873 GC heap before
{Heap before GC invocations=10 (full 0):
 PSYoungGen      total 74752K, used 14583K [0x00000000f5580000, 0x00000000fd480000, 0x0000000100000000)
  eden space 67584K, 11% used [0x00000000f5580000,0x00000000f5cc37d0,0x00000000f9780000)
  from space 7168K, 99% used [0x00000000f9780000,0x00000000f9e7a7f0,0x00000000f9e80000)
  to   space 10752K, 0% used [0x00000000fca00000,0x00000000fca00000,0x00000000fd480000)
 ParOldGen       total 22016K, used 13987K [0x00000000e0000000, 0x00000000e1580000, 0x00000000f5580000)
  object space 22016K, 63% used [0x00000000e0000000,0x00000000e0da8e10,0x00000000e1580000)
 Metaspace       used 20627K, capacity 21102K, committed 21296K, reserved 1069056K
  class space    used 2437K, capacity 2623K, committed 2688K, reserved 1048576K
Event: 12.901 GC heap after
Heap after GC invocations=10 (full 0):
 PSYoungGen      total 118272K, used 4225K [0x00000000f5580000, 0x00000000fd380000, 0x0000000100000000)
  eden space 108544K, 0% used [0x00000000f5580000,0x00000000f5580000,0x00000000fbf80000)
  from space 9728K, 43% used [0x00000000fca00000,0x00000000fce207b0,0x00000000fd380000)
  to   space 10240K, 0% used [0x00000000fbf80000,0x00000000fbf80000,0x00000000fc980000)
 ParOldGen       total 22016K, used 17707K [0x00000000e0000000, 0x00000000e1580000, 0x00000000f5580000)
  object space 22016K, 80% used [0x00000000e0000000,0x00000000e114ae10,0x00000000e1580000)
 Metaspace       used 20627K, capacity 21102K, committed 21296K, reserved 1069056K
  class space    used 2437K, capacity 2623K, committed 2688K, reserved 1048576K
}
Event: 12.901 GC heap before
{Heap before GC invocations=11 (full 1):
 PSYoungGen      total 118272K, used 4225K [0x00000000f5580000, 0x00000000fd380000, 0x0000000100000000)
  eden space 108544K, 0% used [0x00000000f5580000,0x00000000f5580000,0x00000000fbf80000)
  from space 9728K, 43% used [0x00000000fca00000,0x00000000fce207b0,0x00000000fd380000)
  to   space 10240K, 0% used [0x00000000fbf80000,0x00000000fbf80000,0x00000000fc980000)
 ParOldGen       total 22016K, used 17707K [0x00000000e0000000, 0x00000000e1580000, 0x00000000f5580000)
  object space 22016K, 80% used [0x00000000e0000000,0x00000000e114ae10,0x00000000e1580000)
 Metaspace       used 20627K, capacity 21102K, committed 21296K, reserved 1069056K
  class space    used 2437K, capacity 2623K, committed 2688K, reserved 1048576K
Event: 12.999 GC heap after
Heap after GC invocations=11 (full 1):
 PSYoungGen      total 118272K, used 0K [0x00000000f5580000, 0x00000000fd380000, 0x0000000100000000)
  eden space 108544K, 0% used [0x00000000f5580000,0x00000000f5580000,0x00000000fbf80000)
  from space 9728K, 0% used [0x00000000fca00000,0x00000000fca00000,0x00000000fd380000)
  to   space 10240K, 0% used [0x00000000fbf80000,0x00000000fbf80000,0x00000000fc980000)
 ParOldGen       total 26112K, used 11298K [0x00000000e0000000, 0x00000000e1980000, 0x00000000f5580000)
  object space 26112K, 43% used [0x00000000e0000000,0x00000000e0b08b30,0x00000000e1980000)
 Metaspace       used 20627K, capacity 21102K, committed 21296K, reserved 1069056K
  class space    used 2437K, capacity 2623K, committed 2688K, reserved 1048576K
}

