# JRE version: Java(TM) SE Runtime Environment (8.0_101-b13) (build 1.8.0_101-b13)
# Java VM: Java HotSpot(TM) 64-Bit Server VM (25.101-b13 mixed mode windows-amd64 compressed oops)
Heap:
 PSYoungGen      total 146944K, used 44478K [0x00000000f5580000, 0x00000000ff080000, 0x0000000100000000)
  eden space 138240K, 32% used [0x00000000f5580000,0x00000000f80efb10,0x00000000fdc80000)
  from space 8704K, 0% used [0x00000000fe600000,0x00000000fe600000,0x00000000fee80000)
  to   space 9728K, 0% used [0x00000000fdc80000,0x00000000fdc80000,0x00000000fe600000)
 ParOldGen       total 34816K, used 17266K [0x00000000e0000000, 0x00000000e2200000, 0x00000000f5580000)
  object space 34816K, 49% used [0x00000000e0000000,0x00000000e10dcbd0,0x00000000e2200000)
 Metaspace       used 24746K, capacity 25332K, committed 25600K, reserved 1071104K
  class space    used 2884K, capacity 3072K, committed 3072K, reserved 1048576K
GC Heap History (10 events):
Event: 2.646 GC heap before
{Heap before GC invocations=5 (full 0):
 PSYoungGen      total 35840K, used 35824K [0x00000000f5580000, 0x00000000f7980000, 0x0000000100000000)
  eden space 34816K, 100% used [0x00000000f5580000,0x00000000f7780000,0x00000000f7780000)
  from space 1024K, 98% used [0x00000000f7880000,0x00000000f797c010,0x00000000f7980000)
  to   space 1024K, 0% used [0x00000000f7780000,0x00000000f7780000,0x00000000f7880000)
 ParOldGen       total 22016K, used 6580K [0x00000000e0000000, 0x00000000e1580000, 0x00000000f5580000)
  object space 22016K, 29% used [0x00000000e0000000,0x00000000e066d248,0x00000000e1580000)
 Metaspace       used 14516K, capacity 14742K, committed 14976K, reserved 1062912K
  class space    used 1790K, capacity 1875K, committed 1920K, reserved 1048576K
Event: 2.667 GC heap after
Heap after GC invocations=5 (full 0):
 PSYoungGen      total 35840K, used 992K [0x00000000f5580000, 0x00000000fa680000, 0x0000000100000000)
  eden space 34816K, 0% used [0x00000000f5580000,0x00000000f5580000,0x00000000f7780000)
  from space 1024K, 96% used [0x00000000f7780000,0x00000000f7878020,0x00000000f7880000)
  to   space 6656K, 0% used [0x00000000fa000000,0x00000000fa000000,0x00000000fa680000)
 ParOldGen       total 22016K, used 12494K [0x00000000e0000000, 0x00000000e1580000, 0x00000000f5580000)
  object space 22016K, 56% used [0x00000000e0000000,0x00000000e0c339b0,0x00000000e1580000)
 Metaspace       used 14516K, capacity 14742K, committed 14976K, reserved 1062912K
  class space    used 1790K, capacity 1875K, committed 1920K, reserved 1048576K
}
Event: 3.457 GC heap before
{Heap before GC invocations=6 (full 0):
 PSYoungGen      total 35840K, used 35808K [0x00000000f5580000, 0x00000000fa680000, 0x0000000100000000)
  eden space 34816K, 100% used [0x00000000f5580000,0x00000000f7780000,0x00000000f7780000)
  from space 1024K, 96% used [0x00000000f7780000,0x00000000f7878020,0x00000000f7880000)
  to   space 6656K, 0% used [0x00000000fa000000,0x00000000fa000000,0x00000000fa680000)
 ParOldGen       total 22016K, used 12494K [0x00000000e0000000, 0x00000000e1580000, 0x00000000f5580000)
  object space 22016K, 56% used [0x00000000e0000000,0x00000000e0c339b0,0x00000000e1580000)
 Metaspace       used 15408K, capacity 15724K, committed 15872K, reserved 1062912K
  class space    used 1870K, capacity 1984K, committed 2048K, reserved 1048576K
Event: 3.500 GC heap after
Heap after GC invocations=6 (full 0):
 PSYoungGen      total 75264K, used 3573K [0x00000000f5580000, 0x00000000fa580000, 0x0000000100000000)
  eden space 69632K, 0% used [0x00000000f5580000,0x00000000f5580000,0x00000000f9980000)
  from space 5632K, 63% used [0x00000000fa000000,0x00000000fa37d4c8,0x00000000fa580000)
  to   space 6144K, 0% used [0x00000000f9980000,0x00000000f9980000,0x00000000f9f80000)
 ParOldGen       total 22016K, used 12502K [0x00000000e0000000, 0x00000000e1580000, 0x00000000f5580000)
  object space 22016K, 56% used [0x00000000e0000000,0x00000000e0c359b0,0x00000000e1580000)
 Metaspace       used 15408K, capacity 15724K, committed 15872K, reserved 1062912K
  class space    used 1870K, capacity 1984K, committed 2048K, reserved 1048576K
}
Event: 6.068 GC heap before
{Heap before GC invocations=7 (full 0):
 PSYoungGen      total 75264K, used 73205K [0x00000000f5580000, 0x00000000fa580000, 0x0000000100000000)
  eden space 69632K, 100% used [0x00000000f5580000,0x00000000f9980000,0x00000000f9980000)
  from space 5632K, 63% used [0x00000000fa000000,0x00000000fa37d4c8,0x00000000fa580000)
  to   space 6144K, 0% used [0x00000000f9980000,0x00000000f9980000,0x00000000f9f80000)
 ParOldGen       total 22016K, used 12502K [0x00000000e0000000, 0x00000000e1580000, 0x00000000f5580000)
  object space 22016K, 56% used [0x00000000e0000000,0x00000000e0c359b0,0x00000000e1580000)
 Metaspace       used 19590K, capacity 20078K, committed 20480K, reserved 1067008K
  class space    used 2310K, capacity 2453K, committed 2560K, reserved 1048576K
Event: 6.095 GC heap after
Heap after GC invocations=7 (full 0):
 PSYoungGen      total 75776K, used 6139K [0x00000000f5580000, 0x00000000fee80000, 0x0000000100000000)
  eden space 69632K, 0% used [0x00000000f5580000,0x00000000f5580000,0x00000000f9980000)
  from space 6144K, 99% used [0x00000000f9980000,0x00000000f9f7eeb0,0x00000000f9f80000)
  to   space 8704K, 0% used [0x00000000fe600000,0x00000000fe600000,0x00000000fee80000)
 ParOldGen       total 22016K, used 15056K [0x00000000e0000000, 0x00000000e1580000, 0x00000000f5580000)
  object space 22016K, 68% used [0x00000000e0000000,0x00000000e0eb4130,0x00000000e1580000)
 Metaspace       used 19590K, capacity 20078K, committed 20480K, reserved 1067008K
  class space    used 2310K, capacity 2453K, committed 2560K, reserved 1048576K
}
Event: 6.740 GC heap before
{Heap before GC invocations=8 (full 0):
 PSYoungGen      total 75776K, used 24116K [0x00000000f5580000, 0x00000000fee80000, 0x0000000100000000)
  eden space 69632K, 25% used [0x00000000f5580000,0x00000000f670e1f8,0x00000000f9980000)
  from space 6144K, 99% used [0x00000000f9980000,0x00000000f9f7eeb0,0x00000000f9f80000)
  to   space 8704K, 0% used [0x00000000fe600000,0x00000000fe600000,0x00000000fee80000)
 ParOldGen       total 22016K, used 15056K [0x00000000e0000000, 0x00000000e1580000, 0x00000000f5580000)
  object space 22016K, 68% used [0x00000000e0000000,0x00000000e0eb4130,0x00000000e1580000)
 Metaspace       used 20606K, capacity 21102K, committed 21296K, reserved 1069056K
  class space    used 2435K, capacity 2623K, committed 2688K, reserved 1048576K
Event: 6.778 GC heap after
Heap after GC invocations=8 (full 0):
 PSYoungGen      total 146944K, used 8197K [0x00000000f5580000, 0x00000000ff080000, 0x0000000100000000)
  eden space 138240K, 0% used [0x00000000f5580000,0x00000000f5580000,0x00000000fdc80000)
  from space 8704K, 94% used [0x00000000fe600000,0x00000000fee01798,0x00000000fee80000)
  to   space 9728K, 0% used [0x00000000fdc80000,0x00000000fdc80000,0x00000000fe600000)
 ParOldGen       total 22016K, used 15312K [0x00000000e0000000, 0x00000000e1580000, 0x00000000f5580000)
  object space 22016K, 69% used [0x00000000e0000000,0x00000000e0ef4130,0x00000000e1580000)
 Metaspace       used 20606K, capacity 21102K, committed 21296K, reserved 1069056K
  class space    used 2435K, capacity 2623K, committed 2688K, reserved 1048576K
}
Event: 6.778 GC heap before
{Heap before GC invocations=9 (full 1):
 PSYoungGen      total 146944K, used 8197K [0x00000000f5580000, 0x00000000ff080000, 0x0000000100000000)
  eden space 138240K, 0% used [0x00000000f5580000,0x00000000f5580000,0x00000000fdc80000)
  from space 8704K, 94% used [0x00000000fe600000,0x00000000fee01798,0x00000000fee80000)
  to   space 9728K, 0% used [0x00000000fdc80000,0x00000000fdc80000,0x00000000fe600000)
 ParOldGen       total 22016K, used 15312K [0x00000000e0000000, 0x00000000e1580000, 0x00000000f5580000)
  object space 22016K, 69% used [0x00000000e0000000,0x00000000e0ef4130,0x00000000e1580000)
 Metaspace       used 20606K, capacity 21102K, committed 21296K, reserved 1069056K
  class space    used 2435K, capacity 2623K, committed 2688K, reserved 1048576K
Event: 6.873 GC heap after
Heap after GC invocations=9 (full 1):
 PSYoungGen      total 146944K, used 0K [0x00000000f5580000, 0x00000000ff080000, 0x0000000100000000)
  eden space 138240K, 0% used [0x00000000f5580000,0x00000000f5580000,0x00000000fdc80000)
  from space 8704K, 0% used [0x00000000fe600000,0x00000000fe600000,0x00000000fee80000)
  to   space 9728K, 0% used [0x00000000fdc80000,0x00000000fdc80000,0x00000000fe600000)
 ParOldGen       total 34816K, used 17266K [0x00000000e0000000, 0x00000000e2200000, 0x00000000f5580000)
  object space 34816K, 49% used [0x00000000e0000000,0x00000000e10dcbd0,0x00000000e2200000)
 Metaspace       used 20606K, capacity 21102K, committed 21296K, reserved 1069056K
  class space    used 2435K, capacity 2623K, committed 2688K, reserved 1048576K
}

