# JRE version: Java(TM) SE Runtime Environment (8.0_101-b13) (build 1.8.0_101-b13)
# Java VM: Java HotSpot(TM) 64-Bit Server VM (25.101-b13 mixed mode windows-amd64 compressed oops)
Heap:
 PSYoungGen      total 75264K, used 57257K [0x00000000f5580000, 0x00000000fa580000, 0x0000000100000000)
  eden space 69632K, 77% used [0x00000000f5580000,0x00000000f8a25130,0x00000000f9980000)
  from space 5632K, 59% used [0x00000000fa000000,0x00000000fa3454a8,0x00000000fa580000)
  to   space 6144K, 0% used [0x00000000f9980000,0x00000000f9980000,0x00000000f9f80000)
 ParOldGen       total 22016K, used 12381K [0x00000000e0000000, 0x00000000e1580000, 0x00000000f5580000)
  object space 22016K, 56% used [0x00000000e0000000,0x00000000e0c17458,0x00000000e1580000)
 Metaspace       used 17894K, capacity 18388K, committed 18688K, reserved 1064960K
  class space    used 2122K, capacity 2294K, committed 2304K, reserved 1048576K
GC Heap History (10 events):
Event: 0.831 GC heap before
{Heap before GC invocations=2 (full 0):
 PSYoungGen      total 9728K, used 9712K [0x00000000f5580000, 0x00000000f6880000, 0x0000000100000000)
  eden space 8704K, 100% used [0x00000000f5580000,0x00000000f5e00000,0x00000000f5e00000)
  from space 1024K, 98% used [0x00000000f5e00000,0x00000000f5efc010,0x00000000f5f00000)
  to   space 1024K, 0% used [0x00000000f6780000,0x00000000f6780000,0x00000000f6880000)
 ParOldGen       total 22016K, used 922K [0x00000000e0000000, 0x00000000e1580000, 0x00000000f5580000)
  object space 22016K, 4% used [0x00000000e0000000,0x00000000e00e69a8,0x00000000e1580000)
 Metaspace       used 6594K, capacity 6840K, committed 7040K, reserved 1056768K
  class space    used 791K, capacity 860K, committed 896K, reserved 1048576K
Event: 0.837 GC heap after
Heap after GC invocations=2 (full 0):
 PSYoungGen      total 18432K, used 992K [0x00000000f5580000, 0x00000000f6880000, 0x0000000100000000)
  eden space 17408K, 0% used [0x00000000f5580000,0x00000000f5580000,0x00000000f6680000)
  from space 1024K, 96% used [0x00000000f6780000,0x00000000f6878020,0x00000000f6880000)
  to   space 1024K, 0% used [0x00000000f6680000,0x00000000f6680000,0x00000000f6780000)
 ParOldGen       total 22016K, used 2257K [0x00000000e0000000, 0x00000000e1580000, 0x00000000f5580000)
  object space 22016K, 10% used [0x00000000e0000000,0x00000000e02346b0,0x00000000e1580000)
 Metaspace       used 6594K, capacity 6840K, committed 7040K, reserved 1056768K
  class space    used 791K, capacity 860K, committed 896K, reserved 1048576K
}
Event: 1.217 GC heap before
{Heap before GC invocations=3 (full 0):
 PSYoungGen      total 18432K, used 18400K [0x00000000f5580000, 0x00000000f6880000, 0x0000000100000000)
  eden space 17408K, 100% used [0x00000000f5580000,0x00000000f6680000,0x00000000f6680000)
  from space 1024K, 96% used [0x00000000f6780000,0x00000000f6878020,0x00000000f6880000)
  to   space 1024K, 0% used [0x00000000f6680000,0x00000000f6680000,0x00000000f6780000)
 ParOldGen       total 22016K, used 2257K [0x00000000e0000000, 0x00000000e1580000, 0x00000000f5580000)
  object space 22016K, 10% used [0x00000000e0000000,0x00000000e02346b0,0x00000000e1580000)
 Metaspace       used 7832K, capacity 8008K, committed 8320K, reserved 1056768K
  class space    used 989K, capacity 1052K, committed 1152K, reserved 1048576K
Event: 1.224 GC heap after
Heap after GC invocations=3 (full 0):
 PSYoungGen      total 18432K, used 1008K [0x00000000f5580000, 0x00000000f7980000, 0x0000000100000000)
  eden space 17408K, 0% used [0x00000000f5580000,0x00000000f5580000,0x00000000f6680000)
  from space 1024K, 98% used [0x00000000f6680000,0x00000000f677c010,0x00000000f6780000)
  to   space 1024K, 0% used [0x00000000f7880000,0x00000000f7880000,0x00000000f7980000)
 ParOldGen       total 22016K, used 3694K [0x00000000e0000000, 0x00000000e1580000, 0x00000000f5580000)
  object space 22016K, 16% used [0x00000000e0000000,0x00000000e039bbb0,0x00000000e1580000)
 Metaspace       used 7832K, capacity 8008K, committed 8320K, reserved 1056768K
  class space    used 989K, capacity 1052K, committed 1152K, reserved 1048576K
}
Event: 1.684 GC heap before
{Heap before GC invocations=4 (full 0):
 PSYoungGen      total 18432K, used 18416K [0x00000000f5580000, 0x00000000f7980000, 0x0000000100000000)
  eden space 17408K, 100% used [0x00000000f5580000,0x00000000f6680000,0x00000000f6680000)
  from space 1024K, 98% used [0x00000000f6680000,0x00000000f677c010,0x00000000f6780000)
  to   space 1024K, 0% used [0x00000000f7880000,0x00000000f7880000,0x00000000f7980000)
 ParOldGen       total 22016K, used 3694K [0x00000000e0000000, 0x00000000e1580000, 0x00000000f5580000)
  object space 22016K, 16% used [0x00000000e0000000,0x00000000e039bbb0,0x00000000e1580000)
 Metaspace       used 9997K, capacity 10186K, committed 10368K, reserved 1058816K
  class space    used 1241K, capacity 1287K, committed 1408K, reserved 1048576K
Event: 1.693 GC heap after
Heap after GC invocations=4 (full 0):
 PSYoungGen      total 35840K, used 1008K [0x00000000f5580000, 0x00000000f7980000, 0x0000000100000000)
  eden space 34816K, 0% used [0x00000000f5580000,0x00000000f5580000,0x00000000f7780000)
  from space 1024K, 98% used [0x00000000f7880000,0x00000000f797c010,0x00000000f7980000)
  to   space 1024K, 0% used [0x00000000f7780000,0x00000000f7780000,0x00000000f7880000)
 ParOldGen       total 22016K, used 6604K [0x00000000e0000000, 0x00000000e1580000, 0x00000000f5580000)
  object space 22016K, 30% used [0x00000000e0000000,0x00000000e06733e0,0x00000000e1580000)
 Metaspace       used 9997K, capacity 10186K, committed 10368K, reserved 1058816K
  class space    used 1241K, capacity 1287K, committed 1408K, reserved 1048576K
}
Event: 2.976 GC heap before
{Heap before GC invocations=5 (full 0):
 PSYoungGen      total 35840K, used 35824K [0x00000000f5580000, 0x00000000f7980000, 0x0000000100000000)
  eden space 34816K, 100% used [0x00000000f5580000,0x00000000f7780000,0x00000000f7780000)
  from space 1024K, 98% used [0x00000000f7880000,0x00000000f797c010,0x00000000f7980000)
  to   space 1024K, 0% used [0x00000000f7780000,0x00000000f7780000,0x00000000f7880000)
 ParOldGen       total 22016K, used 6604K [0x00000000e0000000, 0x00000000e1580000, 0x00000000f5580000)
  object space 22016K, 30% used [0x00000000e0000000,0x00000000e06733e0,0x00000000e1580000)
 Metaspace       used 14487K, capacity 14742K, committed 14976K, reserved 1062912K
  class space    used 1788K, capacity 1875K, committed 1920K, reserved 1048576K
Event: 3.000 GC heap after
Heap after GC invocations=5 (full 0):
 PSYoungGen      total 35840K, used 992K [0x00000000f5580000, 0x00000000fa680000, 0x0000000100000000)
  eden space 34816K, 0% used [0x00000000f5580000,0x00000000f5580000,0x00000000f7780000)
  from space 1024K, 96% used [0x00000000f7780000,0x00000000f7878020,0x00000000f7880000)
  to   space 6656K, 0% used [0x00000000fa000000,0x00000000fa000000,0x00000000fa680000)
 ParOldGen       total 22016K, used 12373K [0x00000000e0000000, 0x00000000e1580000, 0x00000000f5580000)
  object space 22016K, 56% used [0x00000000e0000000,0x00000000e0c15458,0x00000000e1580000)
 Metaspace       used 14487K, capacity 14742K, committed 14976K, reserved 1062912K
  class space    used 1788K, capacity 1875K, committed 1920K, reserved 1048576K
}
Event: 3.703 GC heap before
{Heap before GC invocations=6 (full 0):
 PSYoungGen      total 35840K, used 35808K [0x00000000f5580000, 0x00000000fa680000, 0x0000000100000000)
  eden space 34816K, 100% used [0x00000000f5580000,0x00000000f7780000,0x00000000f7780000)
  from space 1024K, 96% used [0x00000000f7780000,0x00000000f7878020,0x00000000f7880000)
  to   space 6656K, 0% used [0x00000000fa000000,0x00000000fa000000,0x00000000fa680000)
 ParOldGen       total 22016K, used 12373K [0x00000000e0000000, 0x00000000e1580000, 0x00000000f5580000)
  object space 22016K, 56% used [0x00000000e0000000,0x00000000e0c15458,0x00000000e1580000)
 Metaspace       used 15089K, capacity 15392K, committed 15488K, reserved 1062912K
  class space    used 1822K, capacity 1914K, committed 1920K, reserved 1048576K
Event: 3.738 GC heap after
Heap after GC invocations=6 (full 0):
 PSYoungGen      total 75264K, used 3349K [0x00000000f5580000, 0x00000000fa580000, 0x0000000100000000)
  eden space 69632K, 0% used [0x00000000f5580000,0x00000000f5580000,0x00000000f9980000)
  from space 5632K, 59% used [0x00000000fa000000,0x00000000fa3454a8,0x00000000fa580000)
  to   space 6144K, 0% used [0x00000000f9980000,0x00000000f9980000,0x00000000f9f80000)
 ParOldGen       total 22016K, used 12381K [0x00000000e0000000, 0x00000000e1580000, 0x00000000f5580000)
  object space 22016K, 56% used [0x00000000e0000000,0x00000000e0c17458,0x00000000e1580000)
 Metaspace       used 15089K, capacity 15392K, committed 15488K, reserved 1062912K
  class space    used 1822K, capacity 1914K, committed 1920K, reserved 1048576K
}

