# JRE version: Java(TM) SE Runtime Environment (8.0_101-b13) (build 1.8.0_101-b13)
# Java VM: Java HotSpot(TM) 64-Bit Server VM (25.101-b13 mixed mode windows-amd64 compressed oops)
Heap:
 PSYoungGen      total 73728K, used 69154K [0x00000000f5580000, 0x00000000fa680000, 0x0000000100000000)
  eden space 67584K, 93% used [0x00000000f5580000,0x00000000f930b220,0x00000000f9780000)
  from space 6144K, 99% used [0x00000000f9e80000,0x00000000fa47d680,0x00000000fa480000)
  to   space 7168K, 0% used [0x00000000f9780000,0x00000000f9780000,0x00000000f9e80000)
 ParOldGen       total 22016K, used 8538K [0x00000000e0000000, 0x00000000e1580000, 0x00000000f5580000)
  object space 22016K, 38% used [0x00000000e0000000,0x00000000e0856a00,0x00000000e1580000)
 Metaspace       used 19733K, capacity 20242K, committed 20480K, reserved 1067008K
  class space    used 2323K, capacity 2485K, committed 2560K, reserved 1048576K
GC Heap History (10 events):
Event: 4.264 GC heap before
{Heap before GC invocations=4 (full 0):
 PSYoungGen      total 9728K, used 9712K [0x00000000f5580000, 0x00000000f6880000, 0x0000000100000000)
  eden space 8704K, 100% used [0x00000000f5580000,0x00000000f5e00000,0x00000000f5e00000)
  from space 1024K, 98% used [0x00000000f5e00000,0x00000000f5efc010,0x00000000f5f00000)
  to   space 1024K, 0% used [0x00000000f6780000,0x00000000f6780000,0x00000000f6880000)
 ParOldGen       total 22016K, used 3230K [0x00000000e0000000, 0x00000000e1580000, 0x00000000f5580000)
  object space 22016K, 14% used [0x00000000e0000000,0x00000000e0327b20,0x00000000e1580000)
 Metaspace       used 7834K, capacity 8008K, committed 8320K, reserved 1056768K
  class space    used 989K, capacity 1052K, committed 1152K, reserved 1048576K
Event: 4.287 GC heap after
Heap after GC invocations=4 (full 0):
 PSYoungGen      total 18432K, used 1024K [0x00000000f5580000, 0x00000000f6880000, 0x0000000100000000)
  eden space 17408K, 0% used [0x00000000f5580000,0x00000000f5580000,0x00000000f6680000)
  from space 1024K, 100% used [0x00000000f6780000,0x00000000f6880000,0x00000000f6880000)
  to   space 1024K, 0% used [0x00000000f6680000,0x00000000f6680000,0x00000000f6780000)
 ParOldGen       total 22016K, used 3761K [0x00000000e0000000, 0x00000000e1580000, 0x00000000f5580000)
  object space 22016K, 17% used [0x00000000e0000000,0x00000000e03ac6c0,0x00000000e1580000)
 Metaspace       used 7834K, capacity 8008K, committed 8320K, reserved 1056768K
  class space    used 989K, capacity 1052K, committed 1152K, reserved 1048576K
}
Event: 4.821 GC heap before
{Heap before GC invocations=5 (full 0):
 PSYoungGen      total 18432K, used 18432K [0x00000000f5580000, 0x00000000f6880000, 0x0000000100000000)
  eden space 17408K, 100% used [0x00000000f5580000,0x00000000f6680000,0x00000000f6680000)
  from space 1024K, 100% used [0x00000000f6780000,0x00000000f6880000,0x00000000f6880000)
  to   space 1024K, 0% used [0x00000000f6680000,0x00000000f6680000,0x00000000f6780000)
 ParOldGen       total 22016K, used 3761K [0x00000000e0000000, 0x00000000e1580000, 0x00000000f5580000)
  object space 22016K, 17% used [0x00000000e0000000,0x00000000e03ac6c0,0x00000000e1580000)
 Metaspace       used 9987K, capacity 10178K, committed 10368K, reserved 1058816K
  class space    used 1242K, capacity 1283K, committed 1408K, reserved 1048576K
Event: 4.869 GC heap after
Heap after GC invocations=5 (full 0):
 PSYoungGen      total 18432K, used 1024K [0x00000000f5580000, 0x00000000f7f80000, 0x0000000100000000)
  eden space 17408K, 0% used [0x00000000f5580000,0x00000000f5580000,0x00000000f6680000)
  from space 1024K, 100% used [0x00000000f6680000,0x00000000f6780000,0x00000000f6780000)
  to   space 4096K, 0% used [0x00000000f7b80000,0x00000000f7b80000,0x00000000f7f80000)
 ParOldGen       total 22016K, used 6630K [0x00000000e0000000, 0x00000000e1580000, 0x00000000f5580000)
  object space 22016K, 30% used [0x00000000e0000000,0x00000000e0679888,0x00000000e1580000)
 Metaspace       used 9987K, capacity 10178K, committed 10368K, reserved 1058816K
  class space    used 1242K, capacity 1283K, committed 1408K, reserved 1048576K
}
Event: 5.525 GC heap before
{Heap before GC invocations=6 (full 0):
 PSYoungGen      total 18432K, used 18432K [0x00000000f5580000, 0x00000000f7f80000, 0x0000000100000000)
  eden space 17408K, 100% used [0x00000000f5580000,0x00000000f6680000,0x00000000f6680000)
  from space 1024K, 100% used [0x00000000f6680000,0x00000000f6780000,0x00000000f6780000)
  to   space 4096K, 0% used [0x00000000f7b80000,0x00000000f7b80000,0x00000000f7f80000)
 ParOldGen       total 22016K, used 6630K [0x00000000e0000000, 0x00000000e1580000, 0x00000000f5580000)
  object space 22016K, 30% used [0x00000000e0000000,0x00000000e0679888,0x00000000e1580000)
 Metaspace       used 11997K, capacity 12282K, committed 12416K, reserved 1060864K
  class space    used 1536K, capacity 1641K, committed 1664K, reserved 1048576K
Event: 5.553 GC heap after
Heap after GC invocations=6 (full 0):
 PSYoungGen      total 38400K, used 4039K [0x00000000f5580000, 0x00000000f8080000, 0x0000000100000000)
  eden space 34304K, 0% used [0x00000000f5580000,0x00000000f5580000,0x00000000f7700000)
  from space 4096K, 98% used [0x00000000f7b80000,0x00000000f7f71dc0,0x00000000f7f80000)
  to   space 4608K, 0% used [0x00000000f7700000,0x00000000f7700000,0x00000000f7b80000)
 ParOldGen       total 22016K, used 6638K [0x00000000e0000000, 0x00000000e1580000, 0x00000000f5580000)
  object space 22016K, 30% used [0x00000000e0000000,0x00000000e067b888,0x00000000e1580000)
 Metaspace       used 11997K, capacity 12282K, committed 12416K, reserved 1060864K
  class space    used 1536K, capacity 1641K, committed 1664K, reserved 1048576K
}
Event: 6.845 GC heap before
{Heap before GC invocations=7 (full 0):
 PSYoungGen      total 38400K, used 38343K [0x00000000f5580000, 0x00000000f8080000, 0x0000000100000000)
  eden space 34304K, 100% used [0x00000000f5580000,0x00000000f7700000,0x00000000f7700000)
  from space 4096K, 98% used [0x00000000f7b80000,0x00000000f7f71dc0,0x00000000f7f80000)
  to   space 4608K, 0% used [0x00000000f7700000,0x00000000f7700000,0x00000000f7b80000)
 ParOldGen       total 22016K, used 6638K [0x00000000e0000000, 0x00000000e1580000, 0x00000000f5580000)
  object space 22016K, 30% used [0x00000000e0000000,0x00000000e067b888,0x00000000e1580000)
 Metaspace       used 14788K, capacity 15060K, committed 15232K, reserved 1062912K
  class space    used 1807K, capacity 1912K, committed 1920K, reserved 1048576K
Event: 6.874 GC heap after
Heap after GC invocations=7 (full 0):
 PSYoungGen      total 38912K, used 4603K [0x00000000f5580000, 0x00000000fa480000, 0x0000000100000000)
  eden space 34304K, 0% used [0x00000000f5580000,0x00000000f5580000,0x00000000f7700000)
  from space 4608K, 99% used [0x00000000f7700000,0x00000000f7b7ece0,0x00000000f7b80000)
  to   space 6144K, 0% used [0x00000000f9e80000,0x00000000f9e80000,0x00000000fa480000)
 ParOldGen       total 22016K, used 8003K [0x00000000e0000000, 0x00000000e1580000, 0x00000000f5580000)
  object space 22016K, 36% used [0x00000000e0000000,0x00000000e07d0ef0,0x00000000e1580000)
 Metaspace       used 14788K, capacity 15060K, committed 15232K, reserved 1062912K
  class space    used 1807K, capacity 1912K, committed 1920K, reserved 1048576K
}
Event: 7.822 GC heap before
{Heap before GC invocations=8 (full 0):
 PSYoungGen      total 38912K, used 38907K [0x00000000f5580000, 0x00000000fa480000, 0x0000000100000000)
  eden space 34304K, 100% used [0x00000000f5580000,0x00000000f7700000,0x00000000f7700000)
  from space 4608K, 99% used [0x00000000f7700000,0x00000000f7b7ece0,0x00000000f7b80000)
  to   space 6144K, 0% used [0x00000000f9e80000,0x00000000f9e80000,0x00000000fa480000)
 ParOldGen       total 22016K, used 8003K [0x00000000e0000000, 0x00000000e1580000, 0x00000000f5580000)
  object space 22016K, 36% used [0x00000000e0000000,0x00000000e07d0ef0,0x00000000e1580000)
 Metaspace       used 15925K, capacity 16406K, committed 16768K, reserved 1064960K
  class space    used 1919K, capacity 2059K, committed 2176K, reserved 1048576K
Event: 7.866 GC heap after
Heap after GC invocations=8 (full 0):
 PSYoungGen      total 73728K, used 6133K [0x00000000f5580000, 0x00000000fa680000, 0x0000000100000000)
  eden space 67584K, 0% used [0x00000000f5580000,0x00000000f5580000,0x00000000f9780000)
  from space 6144K, 99% used [0x00000000f9e80000,0x00000000fa47d680,0x00000000fa480000)
  to   space 7168K, 0% used [0x00000000f9780000,0x00000000f9780000,0x00000000f9e80000)
 ParOldGen       total 22016K, used 8538K [0x00000000e0000000, 0x00000000e1580000, 0x00000000f5580000)
  object space 22016K, 38% used [0x00000000e0000000,0x00000000e0856a00,0x00000000e1580000)
 Metaspace       used 15925K, capacity 16406K, committed 16768K, reserved 1064960K
  class space    used 1919K, capacity 2059K, committed 2176K, reserved 1048576K
}

