# JRE version: Java(TM) SE Runtime Environment (8.0_101-b13) (build 1.8.0_101-b13)
# Java VM: Java HotSpot(TM) 64-Bit Server VM (25.101-b13 mixed mode windows-amd64 compressed oops)
Heap:
 PSYoungGen      total 73728K, used 72220K [0x00000000f5580000, 0x00000000fa680000, 0x0000000100000000)
  eden space 67584K, 97% used [0x00000000f5580000,0x00000000f960b188,0x00000000f9780000)
  from space 6144K, 99% used [0x00000000f9e80000,0x00000000fa47c010,0x00000000fa480000)
  to   space 7168K, 0% used [0x00000000f9780000,0x00000000f9780000,0x00000000f9e80000)
 ParOldGen       total 22016K, used 8307K [0x00000000e0000000, 0x00000000e1580000, 0x00000000f5580000)
  object space 22016K, 37% used [0x00000000e0000000,0x00000000e081ce40,0x00000000e1580000)
 Metaspace       used 19757K, capacity 20242K, committed 20480K, reserved 1067008K
  class space    used 2336K, capacity 2485K, committed 2560K, reserved 1048576K
GC Heap History (10 events):
Event: 1.364 GC heap before
{Heap before GC invocations=4 (full 0):
 PSYoungGen      total 9728K, used 9696K [0x00000000f5580000, 0x00000000f6880000, 0x0000000100000000)
  eden space 8704K, 100% used [0x00000000f5580000,0x00000000f5e00000,0x00000000f5e00000)
  from space 1024K, 96% used [0x00000000f5e00000,0x00000000f5ef8040,0x00000000f5f00000)
  to   space 1024K, 0% used [0x00000000f6780000,0x00000000f6780000,0x00000000f6880000)
 ParOldGen       total 22016K, used 3197K [0x00000000e0000000, 0x00000000e1580000, 0x00000000f5580000)
  object space 22016K, 14% used [0x00000000e0000000,0x00000000e031f5b8,0x00000000e1580000)
 Metaspace       used 7838K, capacity 8008K, committed 8320K, reserved 1056768K
  class space    used 989K, capacity 1052K, committed 1152K, reserved 1048576K
Event: 1.368 GC heap after
Heap after GC invocations=4 (full 0):
 PSYoungGen      total 18432K, used 1024K [0x00000000f5580000, 0x00000000f6880000, 0x0000000100000000)
  eden space 17408K, 0% used [0x00000000f5580000,0x00000000f5580000,0x00000000f6680000)
  from space 1024K, 100% used [0x00000000f6780000,0x00000000f6880000,0x00000000f6880000)
  to   space 1024K, 0% used [0x00000000f6680000,0x00000000f6680000,0x00000000f6780000)
 ParOldGen       total 22016K, used 3700K [0x00000000e0000000, 0x00000000e1580000, 0x00000000f5580000)
  object space 22016K, 16% used [0x00000000e0000000,0x00000000e039d108,0x00000000e1580000)
 Metaspace       used 7838K, capacity 8008K, committed 8320K, reserved 1056768K
  class space    used 989K, capacity 1052K, committed 1152K, reserved 1048576K
}
Event: 1.783 GC heap before
{Heap before GC invocations=5 (full 0):
 PSYoungGen      total 18432K, used 18432K [0x00000000f5580000, 0x00000000f6880000, 0x0000000100000000)
  eden space 17408K, 100% used [0x00000000f5580000,0x00000000f6680000,0x00000000f6680000)
  from space 1024K, 100% used [0x00000000f6780000,0x00000000f6880000,0x00000000f6880000)
  to   space 1024K, 0% used [0x00000000f6680000,0x00000000f6680000,0x00000000f6780000)
 ParOldGen       total 22016K, used 3700K [0x00000000e0000000, 0x00000000e1580000, 0x00000000f5580000)
  object space 22016K, 16% used [0x00000000e0000000,0x00000000e039d108,0x00000000e1580000)
 Metaspace       used 9971K, capacity 10180K, committed 10368K, reserved 1058816K
  class space    used 1243K, capacity 1285K, committed 1408K, reserved 1048576K
Event: 1.791 GC heap after
Heap after GC invocations=5 (full 0):
 PSYoungGen      total 18432K, used 992K [0x00000000f5580000, 0x00000000f7f80000, 0x0000000100000000)
  eden space 17408K, 0% used [0x00000000f5580000,0x00000000f5580000,0x00000000f6680000)
  from space 1024K, 96% used [0x00000000f6680000,0x00000000f6778020,0x00000000f6780000)
  to   space 4096K, 0% used [0x00000000f7b80000,0x00000000f7b80000,0x00000000f7f80000)
 ParOldGen       total 22016K, used 6570K [0x00000000e0000000, 0x00000000e1580000, 0x00000000f5580000)
  object space 22016K, 29% used [0x00000000e0000000,0x00000000e066a808,0x00000000e1580000)
 Metaspace       used 9971K, capacity 10180K, committed 10368K, reserved 1058816K
  class space    used 1243K, capacity 1285K, committed 1408K, reserved 1048576K
}
Event: 2.257 GC heap before
{Heap before GC invocations=6 (full 0):
 PSYoungGen      total 18432K, used 18400K [0x00000000f5580000, 0x00000000f7f80000, 0x0000000100000000)
  eden space 17408K, 100% used [0x00000000f5580000,0x00000000f6680000,0x00000000f6680000)
  from space 1024K, 96% used [0x00000000f6680000,0x00000000f6778020,0x00000000f6780000)
  to   space 4096K, 0% used [0x00000000f7b80000,0x00000000f7b80000,0x00000000f7f80000)
 ParOldGen       total 22016K, used 6570K [0x00000000e0000000, 0x00000000e1580000, 0x00000000f5580000)
  object space 22016K, 29% used [0x00000000e0000000,0x00000000e066a808,0x00000000e1580000)
 Metaspace       used 12018K, capacity 12282K, committed 12416K, reserved 1060864K
  class space    used 1539K, capacity 1641K, committed 1664K, reserved 1048576K
Event: 2.268 GC heap after
Heap after GC invocations=6 (full 0):
 PSYoungGen      total 38400K, used 4025K [0x00000000f5580000, 0x00000000f8080000, 0x0000000100000000)
  eden space 34304K, 0% used [0x00000000f5580000,0x00000000f5580000,0x00000000f7700000)
  from space 4096K, 98% used [0x00000000f7b80000,0x00000000f7f6e538,0x00000000f7f80000)
  to   space 4608K, 0% used [0x00000000f7700000,0x00000000f7700000,0x00000000f7b80000)
 ParOldGen       total 22016K, used 6578K [0x00000000e0000000, 0x00000000e1580000, 0x00000000f5580000)
  object space 22016K, 29% used [0x00000000e0000000,0x00000000e066c808,0x00000000e1580000)
 Metaspace       used 12018K, capacity 12282K, committed 12416K, reserved 1060864K
  class space    used 1539K, capacity 1641K, committed 1664K, reserved 1048576K
}
Event: 3.259 GC heap before
{Heap before GC invocations=7 (full 0):
 PSYoungGen      total 38400K, used 38329K [0x00000000f5580000, 0x00000000f8080000, 0x0000000100000000)
  eden space 34304K, 100% used [0x00000000f5580000,0x00000000f7700000,0x00000000f7700000)
  from space 4096K, 98% used [0x00000000f7b80000,0x00000000f7f6e538,0x00000000f7f80000)
  to   space 4608K, 0% used [0x00000000f7700000,0x00000000f7700000,0x00000000f7b80000)
 ParOldGen       total 22016K, used 6578K [0x00000000e0000000, 0x00000000e1580000, 0x00000000f5580000)
  object space 22016K, 29% used [0x00000000e0000000,0x00000000e066c808,0x00000000e1580000)
 Metaspace       used 14770K, capacity 15060K, committed 15232K, reserved 1062912K
  class space    used 1808K, capacity 1912K, committed 1920K, reserved 1048576K
Event: 3.279 GC heap after
Heap after GC invocations=7 (full 0):
 PSYoungGen      total 38912K, used 4604K [0x00000000f5580000, 0x00000000fa480000, 0x0000000100000000)
  eden space 34304K, 0% used [0x00000000f5580000,0x00000000f5580000,0x00000000f7700000)
  from space 4608K, 99% used [0x00000000f7700000,0x00000000f7b7f1b0,0x00000000f7b80000)
  to   space 6144K, 0% used [0x00000000f9e80000,0x00000000f9e80000,0x00000000fa480000)
 ParOldGen       total 22016K, used 7883K [0x00000000e0000000, 0x00000000e1580000, 0x00000000f5580000)
  object space 22016K, 35% used [0x00000000e0000000,0x00000000e07b2e78,0x00000000e1580000)
 Metaspace       used 14770K, capacity 15060K, committed 15232K, reserved 1062912K
  class space    used 1808K, capacity 1912K, committed 1920K, reserved 1048576K
}
Event: 4.242 GC heap before
{Heap before GC invocations=8 (full 0):
 PSYoungGen      total 38912K, used 38908K [0x00000000f5580000, 0x00000000fa480000, 0x0000000100000000)
  eden space 34304K, 100% used [0x00000000f5580000,0x00000000f7700000,0x00000000f7700000)
  from space 4608K, 99% used [0x00000000f7700000,0x00000000f7b7f1b0,0x00000000f7b80000)
  to   space 6144K, 0% used [0x00000000f9e80000,0x00000000f9e80000,0x00000000fa480000)
 ParOldGen       total 22016K, used 7883K [0x00000000e0000000, 0x00000000e1580000, 0x00000000f5580000)
  object space 22016K, 35% used [0x00000000e0000000,0x00000000e07b2e78,0x00000000e1580000)
 Metaspace       used 15949K, capacity 16406K, committed 16768K, reserved 1064960K
  class space    used 1921K, capacity 2059K, committed 2176K, reserved 1048576K
Event: 4.299 GC heap after
Heap after GC invocations=8 (full 0):
 PSYoungGen      total 73728K, used 6128K [0x00000000f5580000, 0x00000000fa680000, 0x0000000100000000)
  eden space 67584K, 0% used [0x00000000f5580000,0x00000000f5580000,0x00000000f9780000)
  from space 6144K, 99% used [0x00000000f9e80000,0x00000000fa47c010,0x00000000fa480000)
  to   space 7168K, 0% used [0x00000000f9780000,0x00000000f9780000,0x00000000f9e80000)
 ParOldGen       total 22016K, used 8307K [0x00000000e0000000, 0x00000000e1580000, 0x00000000f5580000)
  object space 22016K, 37% used [0x00000000e0000000,0x00000000e081ce40,0x00000000e1580000)
 Metaspace       used 15949K, capacity 16406K, committed 16768K, reserved 1064960K
  class space    used 1921K, capacity 2059K, committed 2176K, reserved 1048576K
}

