# JRE version: Java(TM) SE Runtime Environment (8.0_101-b13) (build 1.8.0_101-b13)
# Java VM: Java HotSpot(TM) 64-Bit Server VM (25.101-b13 mixed mode windows-amd64 compressed oops)
Heap:
 PSYoungGen      total 147968K, used 50264K [0x00000000f5580000, 0x0000000100000000, 0x0000000100000000)
  eden space 138240K, 29% used [0x00000000f5580000,0x00000000f7d17c90,0x00000000fdc80000)
  from space 9728K, 99% used [0x00000000fdc80000,0x00000000fe5fe6c0,0x00000000fe600000)
  to   space 14336K, 0% used [0x00000000ff200000,0x00000000ff200000,0x0000000100000000)
 ParOldGen       total 29696K, used 20478K [0x00000000e0000000, 0x00000000e1d00000, 0x00000000f5580000)
  object space 29696K, 68% used [0x00000000e0000000,0x00000000e13ff848,0x00000000e1d00000)
 Metaspace       used 34288K, capacity 34942K, committed 35456K, reserved 1079296K
  class space    used 4670K, capacity 4867K, committed 4992K, reserved 1048576K
GC Heap History (10 events):
Event: 3.728 GC heap before
{Heap before GC invocations=6 (full 0):
 PSYoungGen      total 35840K, used 35824K [0x00000000f5580000, 0x00000000fa680000, 0x0000000100000000)
  eden space 34816K, 100% used [0x00000000f5580000,0x00000000f7780000,0x00000000f7780000)
  from space 1024K, 98% used [0x00000000f7780000,0x00000000f787c010,0x00000000f7880000)
  to   space 6656K, 0% used [0x00000000fa000000,0x00000000fa000000,0x00000000fa680000)
 ParOldGen       total 22016K, used 12431K [0x00000000e0000000, 0x00000000e1580000, 0x00000000f5580000)
  object space 22016K, 56% used [0x00000000e0000000,0x00000000e0c23cf0,0x00000000e1580000)
 Metaspace       used 15348K, capacity 15660K, committed 15872K, reserved 1062912K
  class space    used 1869K, capacity 1984K, committed 2048K, reserved 1048576K
Event: 3.745 GC heap after
Heap after GC invocations=6 (full 0):
 PSYoungGen      total 75264K, used 3541K [0x00000000f5580000, 0x00000000fa580000, 0x0000000100000000)
  eden space 69632K, 0% used [0x00000000f5580000,0x00000000f5580000,0x00000000f9980000)
  from space 5632K, 62% used [0x00000000fa000000,0x00000000fa3754a8,0x00000000fa580000)
  to   space 6144K, 0% used [0x00000000f9980000,0x00000000f9980000,0x00000000f9f80000)
 ParOldGen       total 22016K, used 12439K [0x00000000e0000000, 0x00000000e1580000, 0x00000000f5580000)
  object space 22016K, 56% used [0x00000000e0000000,0x00000000e0c25cf0,0x00000000e1580000)
 Metaspace       used 15348K, capacity 15660K, committed 15872K, reserved 1062912K
  class space    used 1869K, capacity 1984K, committed 2048K, reserved 1048576K
}
Event: 6.877 GC heap before
{Heap before GC invocations=7 (full 0):
 PSYoungGen      total 75264K, used 73173K [0x00000000f5580000, 0x00000000fa580000, 0x0000000100000000)
  eden space 69632K, 100% used [0x00000000f5580000,0x00000000f9980000,0x00000000f9980000)
  from space 5632K, 62% used [0x00000000fa000000,0x00000000fa3754a8,0x00000000fa580000)
  to   space 6144K, 0% used [0x00000000f9980000,0x00000000f9980000,0x00000000f9f80000)
 ParOldGen       total 22016K, used 12439K [0x00000000e0000000, 0x00000000e1580000, 0x00000000f5580000)
  object space 22016K, 56% used [0x00000000e0000000,0x00000000e0c25cf0,0x00000000e1580000)
 Metaspace       used 19568K, capacity 20078K, committed 20480K, reserved 1067008K
  class space    used 2309K, capacity 2453K, committed 2560K, reserved 1048576K
Event: 6.903 GC heap after
Heap after GC invocations=7 (full 0):
 PSYoungGen      total 75776K, used 6114K [0x00000000f5580000, 0x00000000fee80000, 0x0000000100000000)
  eden space 69632K, 0% used [0x00000000f5580000,0x00000000f5580000,0x00000000f9980000)
  from space 6144K, 99% used [0x00000000f9980000,0x00000000f9f78b08,0x00000000f9f80000)
  to   space 8704K, 0% used [0x00000000fe600000,0x00000000fe600000,0x00000000fee80000)
 ParOldGen       total 22016K, used 15048K [0x00000000e0000000, 0x00000000e1580000, 0x00000000f5580000)
  object space 22016K, 68% used [0x00000000e0000000,0x00000000e0eb2200,0x00000000e1580000)
 Metaspace       used 19568K, capacity 20078K, committed 20480K, reserved 1067008K
  class space    used 2309K, capacity 2453K, committed 2560K, reserved 1048576K
}
Event: 7.503 GC heap before
{Heap before GC invocations=8 (full 0):
 PSYoungGen      total 75776K, used 24183K [0x00000000f5580000, 0x00000000fee80000, 0x0000000100000000)
  eden space 69632K, 25% used [0x00000000f5580000,0x00000000f6725300,0x00000000f9980000)
  from space 6144K, 99% used [0x00000000f9980000,0x00000000f9f78b08,0x00000000f9f80000)
  to   space 8704K, 0% used [0x00000000fe600000,0x00000000fe600000,0x00000000fee80000)
 ParOldGen       total 22016K, used 15048K [0x00000000e0000000, 0x00000000e1580000, 0x00000000f5580000)
  object space 22016K, 68% used [0x00000000e0000000,0x00000000e0eb2200,0x00000000e1580000)
 Metaspace       used 20584K, capacity 21102K, committed 21296K, reserved 1069056K
  class space    used 2436K, capacity 2623K, committed 2688K, reserved 1048576K
Event: 7.527 GC heap after
Heap after GC invocations=8 (full 0):
 PSYoungGen      total 146944K, used 8046K [0x00000000f5580000, 0x00000000ff080000, 0x0000000100000000)
  eden space 138240K, 0% used [0x00000000f5580000,0x00000000f5580000,0x00000000fdc80000)
  from space 8704K, 92% used [0x00000000fe600000,0x00000000feddba18,0x00000000fee80000)
  to   space 9728K, 0% used [0x00000000fdc80000,0x00000000fdc80000,0x00000000fe600000)
 ParOldGen       total 22016K, used 15305K [0x00000000e0000000, 0x00000000e1580000, 0x00000000f5580000)
  object space 22016K, 69% used [0x00000000e0000000,0x00000000e0ef2588,0x00000000e1580000)
 Metaspace       used 20584K, capacity 21102K, committed 21296K, reserved 1069056K
  class space    used 2436K, capacity 2623K, committed 2688K, reserved 1048576K
}
Event: 7.527 GC heap before
{Heap before GC invocations=9 (full 1):
 PSYoungGen      total 146944K, used 8046K [0x00000000f5580000, 0x00000000ff080000, 0x0000000100000000)
  eden space 138240K, 0% used [0x00000000f5580000,0x00000000f5580000,0x00000000fdc80000)
  from space 8704K, 92% used [0x00000000fe600000,0x00000000feddba18,0x00000000fee80000)
  to   space 9728K, 0% used [0x00000000fdc80000,0x00000000fdc80000,0x00000000fe600000)
 ParOldGen       total 22016K, used 15305K [0x00000000e0000000, 0x00000000e1580000, 0x00000000f5580000)
  object space 22016K, 69% used [0x00000000e0000000,0x00000000e0ef2588,0x00000000e1580000)
 Metaspace       used 20584K, capacity 21102K, committed 21296K, reserved 1069056K
  class space    used 2436K, capacity 2623K, committed 2688K, reserved 1048576K
Event: 7.618 GC heap after
Heap after GC invocations=9 (full 1):
 PSYoungGen      total 146944K, used 0K [0x00000000f5580000, 0x00000000ff080000, 0x0000000100000000)
  eden space 138240K, 0% used [0x00000000f5580000,0x00000000f5580000,0x00000000fdc80000)
  from space 8704K, 0% used [0x00000000fe600000,0x00000000fe600000,0x00000000fee80000)
  to   space 9728K, 0% used [0x00000000fdc80000,0x00000000fdc80000,0x00000000fe600000)
 ParOldGen       total 29696K, used 12301K [0x00000000e0000000, 0x00000000e1d00000, 0x00000000f5580000)
  object space 29696K, 41% used [0x00000000e0000000,0x00000000e0c03668,0x00000000e1d00000)
 Metaspace       used 20584K, capacity 21102K, committed 21296K, reserved 1069056K
  class space    used 2436K, capacity 2623K, committed 2688K, reserved 1048576K
}
Event: 29.780 GC heap before
{Heap before GC invocations=10 (full 1):
 PSYoungGen      total 146944K, used 138240K [0x00000000f5580000, 0x00000000ff080000, 0x0000000100000000)
  eden space 138240K, 100% used [0x00000000f5580000,0x00000000fdc80000,0x00000000fdc80000)
  from space 8704K, 0% used [0x00000000fe600000,0x00000000fe600000,0x00000000fee80000)
  to   space 9728K, 0% used [0x00000000fdc80000,0x00000000fdc80000,0x00000000fe600000)
 ParOldGen       total 29696K, used 12301K [0x00000000e0000000, 0x00000000e1d00000, 0x00000000f5580000)
  object space 29696K, 41% used [0x00000000e0000000,0x00000000e0c03668,0x00000000e1d00000)
 Metaspace       used 33974K, capacity 34674K, committed 35200K, reserved 1079296K
  class space    used 4650K, capacity 4865K, committed 4992K, reserved 1048576K
Event: 29.825 GC heap after
Heap after GC invocations=10 (full 1):
 PSYoungGen      total 147968K, used 9721K [0x00000000f5580000, 0x0000000100000000, 0x0000000100000000)
  eden space 138240K, 0% used [0x00000000f5580000,0x00000000f5580000,0x00000000fdc80000)
  from space 9728K, 99% used [0x00000000fdc80000,0x00000000fe5fe6c0,0x00000000fe600000)
  to   space 14336K, 0% used [0x00000000ff200000,0x00000000ff200000,0x0000000100000000)
 ParOldGen       total 29696K, used 20478K [0x00000000e0000000, 0x00000000e1d00000, 0x00000000f5580000)
  object space 29696K, 68% used [0x00000000e0000000,0x00000000e13ff848,0x00000000e1d00000)
 Metaspace       used 33974K, capacity 34674K, committed 35200K, reserved 1079296K
  class space    used 4650K, capacity 4865K, committed 4992K, reserved 1048576K
}

