# JRE version: Java(TM) SE Runtime Environment (8.0_101-b13) (build 1.8.0_101-b13)
# Java VM: Java HotSpot(TM) 64-Bit Server VM (25.101-b13 mixed mode windows-amd64 compressed oops)
Heap:
 PSYoungGen      total 9728K, used 5240K [0x00000000f5580000, 0x00000000f6000000, 0x0000000100000000)
  eden space 8704K, 48% used [0x00000000f5580000,0x00000000f59a2300,0x00000000f5e00000)
  from space 1024K, 98% used [0x00000000f5f00000,0x00000000f5ffc010,0x00000000f6000000)
  to   space 1024K, 0% used [0x00000000f5e00000,0x00000000f5e00000,0x00000000f5f00000)
 ParOldGen       total 22016K, used 2257K [0x00000000e0000000, 0x00000000e1580000, 0x00000000f5580000)
  object space 22016K, 10% used [0x00000000e0000000,0x00000000e0234638,0x00000000e1580000)
 Metaspace       used 7405K, capacity 7560K, committed 7680K, reserved 1056768K
  class space    used 913K, capacity 988K, committed 1024K, reserved 1048576K
GC Heap History (4 events):
Event: 2.749 GC heap before
{Heap before GC invocations=1 (full 0):
 PSYoungGen      total 9728K, used 8704K [0x00000000f5580000, 0x00000000f6000000, 0x0000000100000000)
  eden space 8704K, 100% used [0x00000000f5580000,0x00000000f5e00000,0x00000000f5e00000)
  from space 1024K, 0% used [0x00000000f5f00000,0x00000000f5f00000,0x00000000f6000000)
  to   space 1024K, 0% used [0x00000000f5e00000,0x00000000f5e00000,0x00000000f5f00000)
 ParOldGen       total 22016K, used 0K [0x00000000e0000000, 0x00000000e1580000, 0x00000000f5580000)
  object space 22016K, 0% used [0x00000000e0000000,0x00000000e0000000,0x00000000e1580000)
 Metaspace       used 5055K, capacity 5720K, committed 5760K, reserved 1056768K
  class space    used 574K, capacity 636K, committed 640K, reserved 1048576K
Event: 2.773 GC heap after
Heap after GC invocations=1 (full 0):
 PSYoungGen      total 9728K, used 992K [0x00000000f5580000, 0x00000000f6000000, 0x0000000100000000)
  eden space 8704K, 0% used [0x00000000f5580000,0x00000000f5580000,0x00000000f5e00000)
  from space 1024K, 96% used [0x00000000f5e00000,0x00000000f5ef8020,0x00000000f5f00000)
  to   space 1024K, 0% used [0x00000000f5f00000,0x00000000f5f00000,0x00000000f6000000)
 ParOldGen       total 22016K, used 940K [0x00000000e0000000, 0x00000000e1580000, 0x00000000f5580000)
  object space 22016K, 4% used [0x00000000e0000000,0x00000000e00eb1a8,0x00000000e1580000)
 Metaspace       used 5055K, capacity 5720K, committed 5760K, reserved 1056768K
  class space    used 574K, capacity 636K, committed 640K, reserved 1048576K
}
Event: 3.231 GC heap before
{Heap before GC invocations=2 (full 0):
 PSYoungGen      total 9728K, used 9696K [0x00000000f5580000, 0x00000000f6000000, 0x0000000100000000)
  eden space 8704K, 100% used [0x00000000f5580000,0x00000000f5e00000,0x00000000f5e00000)
  from space 1024K, 96% used [0x00000000f5e00000,0x00000000f5ef8020,0x00000000f5f00000)
  to   space 1024K, 0% used [0x00000000f5f00000,0x00000000f5f00000,0x00000000f6000000)
 ParOldGen       total 22016K, used 940K [0x00000000e0000000, 0x00000000e1580000, 0x00000000f5580000)
  object space 22016K, 4% used [0x00000000e0000000,0x00000000e00eb1a8,0x00000000e1580000)
 Metaspace       used 6628K, capacity 6840K, committed 7040K, reserved 1056768K
  class space    used 794K, capacity 860K, committed 896K, reserved 1048576K
Event: 3.236 GC heap after
Heap after GC invocations=2 (full 0):
 PSYoungGen      total 9728K, used 1008K [0x00000000f5580000, 0x00000000f6000000, 0x0000000100000000)
  eden space 8704K, 0% used [0x00000000f5580000,0x00000000f5580000,0x00000000f5e00000)
  from space 1024K, 98% used [0x00000000f5f00000,0x00000000f5ffc010,0x00000000f6000000)
  to   space 1024K, 0% used [0x00000000f5e00000,0x00000000f5e00000,0x00000000f5f00000)
 ParOldGen       total 22016K, used 2257K [0x00000000e0000000, 0x00000000e1580000, 0x00000000f5580000)
  object space 22016K, 10% used [0x00000000e0000000,0x00000000e0234638,0x00000000e1580000)
 Metaspace       used 6628K, capacity 6840K, committed 7040K, reserved 1056768K
  class space    used 794K, capacity 860K, committed 896K, reserved 1048576K
}

